commit c669f8c8fd8ae93907c7d842bb26dfb5479cf175
Author: Sharon White <Sharonlulu12@yahoo.com>
Date:   Thu Mar 24 20:04:26 2016 -0500

    added copyrightand deleted contact us closes #2, #3, #4, #5, #6, #9, #10, #11

commit d1231a2c4469a1f8ad93fb2da458aa3f4a81c16a
Author: derek949 <derek.truong@utexas.edu>
Date:   Thu Mar 24 19:56:52 2016 -0500

    Capital letters pissin me off

commit 9b07a73672c4a2c95c1a51e8a521c048d064be38
Merge: dcb5e1c 2d46d69
Author: Julie Paik <juliepaik@utexas.edu>
Date:   Thu Mar 24 19:49:10 2016 -0500

    Merge branch 'dev' of https://github.com/derek949/cs373-idb into dev

commit dcb5e1c0f2d86657d241e973852c0ba595ee569b
Author: Julie Paik <juliepaik@utexas.edu>
Date:   Thu Mar 24 19:48:21 2016 -0500

    fixed conflicts and changed copyright format

commit 2d46d6951defdf94ddf7fcefecd6e5ae55db0086
Merge: 5bcdd8a 92363ff
Author: Sharon White <Sharonlulu12@yahoo.com>
Date:   Thu Mar 24 19:34:04 2016 -0500

    Merge branch 'master' into dev
    
    trying to merge

commit 5bcdd8ae812ed8861c8abd8abc8bb730196a7da1
Author: Derek Truong <derek949@cs.utexas.edu>
Date:   Thu Mar 24 19:23:30 2016 -0500

    fixed picture names

commit aacd969173dd9e55b7393cf19fc05234325db0af
Merge: e57a003 ea3078d
Author: Derek Truong <derek949@cs.utexas.edu>
Date:   Thu Mar 24 19:09:02 2016 -0500

    Merge branch 'dev' of https://github.com/derek949/cs373-idb into dev

commit e57a003e3a9b87a081133bfc263a5a1a5d2d4bba
Author: Derek Truong <derek949@cs.utexas.edu>
Date:   Thu Mar 24 19:08:47 2016 -0500

    fixed picture sizing

commit ea3078db5d0048d1aff98b79539ed211af15bd89
Author: Jonathan <j0natran@gmail.com>
Date:   Thu Mar 24 18:47:54 2016 -0500

    Closes #19

commit 813ad59998939a5298dbcf126eae21e92ed61621
Author: jchudev <jonchu835@gmail.com>
Date:   Thu Mar 24 18:34:09 2016 -0500

    Added models.html and commented and adjusted models.py

commit 81c0f4e7b24059ddf10bbf98daffc20eaa87c565
Author: Derek Truong <derek949@cs.utexas.edu>
Date:   Thu Mar 24 17:41:53 2016 -0500

    fixed makefile

commit 24c578c559a63ed4acb32413a1c81c804608f32f
Author: derek949 <derek.truong@utexas.edu>
Date:   Thu Mar 24 17:36:25 2016 -0500

    updated apiary Fixes #8

commit 09e0a220eb0c01fabaaca33225c74b59a9d70cde
Author: Derek Truong <derek949@cs.utexas.edu>
Date:   Thu Mar 24 17:34:40 2016 -0500

    fix travis again

commit da7436c0d8d0f4a89e40a37bb8c3cd20d13dd550
Author: Derek Truong <derek949@cs.utexas.edu>
Date:   Thu Mar 24 17:32:36 2016 -0500

    changed travis

commit 219561120d0657545da580e95a3f8b45efd6f6ff
Author: Derek Truong <derek949@cs.utexas.edu>
Date:   Thu Mar 24 17:30:37 2016 -0500

    hidden files Fixes #7

commit 93c80e16887daa744b7cb7814fe33ab24a061d9b
Author: Derek Truong <derek949@cs.utexas.edu>
Date:   Thu Mar 24 17:29:40 2016 -0500

    hidden files added Fixes #7

commit 50726ed941677bdd07d768eff94806cde4162e21
Author: Derek Truong <derek949@cs.utexas.edu>
Date:   Thu Mar 24 17:24:36 2016 -0500

    added links to the tools for the about page

commit 76878ef021de3a1973372bd039c80ad45586f61a
Author: Julie Paik <juliepaik@utexas.edu>
Date:   Thu Mar 24 16:55:49 2016 -0500

    edited img files

commit e611bf3abf34bd8e2bd1d5ee6cdc421801a96ed7
Merge: 04718aa c577127
Author: Julie Paik <juliepaik@utexas.edu>
Date:   Thu Mar 24 16:54:14 2016 -0500

    Merge branch 'dev' of https://github.com/derek949/cs373-idb into dev

commit 04718aa04ba42d89a79e88f20dc68b0c3609d69d
Merge: 78257f3 6dd83d5
Author: Julie Paik <juliepaik@utexas.edu>
Date:   Thu Mar 24 16:53:58 2016 -0500

    edited img files

commit c5771277a4dfb7a3e499930d7eef6193ebbc4f22
Author: Wes Draper <WesleyDraper@gmail.com>
Date:   Thu Mar 24 16:36:31 2016 -0500

    changed index.html

commit 78257f3fc37d49610fde5a1010642bdd428a6544
Author: Julie Paik <juliepaik@utexas.edu>
Date:   Thu Mar 24 16:36:28 2016 -0500

    sized about photos

commit 6dd83d59ea2c352341b539551bae1dbf7d8941f4
Author: Sharon White <Sharonlulu12@yahoo.com>
Date:   Thu Mar 24 16:13:49 2016 -0500

    added unit tests

commit e815586563e5bc06d53fdc2ce01222b1a5c3753c
Merge: 585da64 f3bb733
Author: Derek Truong <derek949@cs.utexas.edu>
Date:   Thu Mar 24 16:08:40 2016 -0500

    Merge branch 'dev' of https://github.com/derek949/cs373-idb into dev

commit 585da64d7fe2126567190a167f97ac611600a4d4
Author: Derek Truong <derek949@cs.utexas.edu>
Date:   Thu Mar 24 16:06:28 2016 -0500

    html working

commit f3bb73336e9bdb4c52feaf370d6b5f9e60b4ce0b
Author: juliep <juliep@cs.utexas.edu>
Date:   Thu Mar 24 15:38:55 2016 -0500

    tests, still needs work

commit 89e860740e1864f845850ca9c060e75c0022b9a0
Author: Julie Paik <juliepaik@utexas.edu>
Date:   Thu Mar 24 14:20:27 2016 -0500

    added test file

commit 35a73719b6f9fcb00beb825b14b66f32467886a3
Author: Julie Paik <juliepaik@utexas.edu>
Date:   Thu Mar 24 10:22:53 2016 -0500

    added links to tables

commit fa2798d05b2da80af47b7793ed986dad67af1a4e
Author: Julie Paik <juliepaik@utexas.edu>
Date:   Thu Mar 24 09:36:09 2016 -0500

    fixed spacing after Project heading on about me page

commit e231f1f72edc0f430ecd1a6467e826d5b56750fc
Author: Julie Paik <juliepaik@utexas.edu>
Date:   Thu Mar 24 09:35:03 2016 -0500

    about me

commit 85dcc0a95491b7d3d988281913209f3af601cf63
Author: unknown <jonchu835@gmail.com>
Date:   Thu Mar 24 03:21:14 2016 -0500

    Added models.py

commit 719805a6b42d93c8fe2b521d34834cedcc52f840
Author: unknown <jonchu835@gmail.com>
Date:   Thu Mar 24 02:34:13 2016 -0500

    Modified template folder to include all of our pages and added routes to every single page

commit a3e788467288daab16934dc91702814e2ee44d7c
Author: Wes Draper <WesleyDraper@gmail.com>
Date:   Thu Mar 24 00:58:12 2016 -0500

    added sample restaurants and attractiont to the houston page and links to go their static pages

commit c520fe936b22aabd5f641ee710b6c96cb5a81c53
Author: unknown <jonchu835@gmail.com>
Date:   Thu Mar 24 00:35:43 2016 -0500

    Adding server to dev branch

commit b614112ea95d537f5f632428da7d64952383c556
Author: Wes Draper <WesleyDraper@gmail.com>
Date:   Thu Mar 24 00:20:26 2016 -0500

    added three sample restaurants
    '

commit e27498a0a677f7fcfa6698a915111bebf0c15f7d
Author: Wes Draper <WesleyDraper@gmail.com>
Date:   Thu Mar 24 00:00:26 2016 -0500

    changed nav bar for attractions sample pages

commit 92363ff72eaf38656e387f8617d5f7880f989fb9
Author: Derek <derek.truong@utexas.edu>
Date:   Wed Mar 23 17:09:30 2016 -0500

    add files n rm files

commit 17b6f0173f5d6c7e5f1ba7cb21beb2767a5e6235
Author: Wes Draper <WesleyDraper@gmail.com>
Date:   Wed Mar 23 12:49:35 2016 -0500

    chnaged the navbar to the sweetspots nav bar for 3 sample city pages

commit 41af88476ec0e25bd43931bd5505b68373735435
Author: Wes Draper <WesleyDraper@gmail.com>
Date:   Wed Mar 23 12:37:45 2016 -0500

    Added 3 sample attractions

commit dfa8c5d9e128f1562ec785c414d2e7aa1f9af6e0
Author: Julie Paik <juliepaik@utexas.edu>
Date:   Wed Mar 23 12:10:23 2016 -0500

    added tools list to about page

commit 326d52ca59c0335c16f78a8c9696e3965370fb05
Author: Wes Draper <WesleyDraper@gmail.com>
Date:   Tue Mar 22 19:32:48 2016 -0500

    added the 3 cities and their imgs

commit 7b4d88a7b010785a777141b030c3185dbbffa3dd
Author: derek949 <derek.truong@utexas.edu>
Date:   Tue Mar 22 19:30:49 2016 -0500

    Updated Apiary

commit 529adb72a7afca1ec464f12e0e930d92c2d91dbc
Author: Julie Paik <juliepaik@utexas.edu>
Date:   Tue Mar 22 19:25:43 2016 -0500

    navigation links work

commit a3128735b0ef3d6c81e03ea14a977d90ab6f9cae
Author: Julie Paik <juliepaik@utexas.edu>
Date:   Tue Mar 22 19:21:15 2016 -0500

    added static data to all model pages

commit 6298048f9ed516cffb78cac299a7c26da94639e5
Author: Julie Paik <juliepaik@utexas.edu>
Date:   Tue Mar 22 19:02:19 2016 -0500

    fixed table color

commit f7e05e591e93f75b8ec1dd1e466e55b87365837b
Author: derek949 <derek.truong@utexas.edu>
Date:   Tue Mar 22 19:01:41 2016 -0500

    Update Apiary

commit a58f51fb4d6ff943c09eb5895931af5728727b0f
Author: Julie Paik <juliepaik@utexas.edu>
Date:   Tue Mar 22 18:42:32 2016 -0500

    moved model pages to template folder

commit 8173f2f773845578809c55ed2c597e20babbe5f1
Author: Julie Paik <juliepaik@utexas.edu>
Date:   Tue Mar 22 18:26:42 2016 -0500

    changed table data and formatting

commit 2395b0ffd4e4123714bed931c33a8018ac5d1faa
Merge: c344880 46d9049
Author: Julie Paik <juliepaik@utexas.edu>
Date:   Tue Mar 22 18:26:04 2016 -0500

    what is going on?!

commit c34488039bd43f8506ee1db06c29372dbd185bc1
Author: Julie Paik <juliepaik@utexas.edu>
Date:   Tue Mar 22 18:21:11 2016 -0500

    we can see the table!

commit 0947d59f2b14e6f83eeed17fc6d1f525b4829ea1
Author: Julie Paik <juliepaik@utexas.edu>
Date:   Tue Mar 22 18:19:38 2016 -0500

    we can see the table!

commit 46d9049ab652ef62db3a3c7a6632c2f61b3b36c9
Author: Sharon White <Sharon12@Sharons-MacBook-Air.local>
Date:   Tue Mar 22 17:01:00 2016 -0500

    added UML file

commit be1870b4417d25450c1305a21f174dec2e25b577
Author: derek949 <derek.truong@utexas.edu>
Date:   Tue Mar 22 16:50:07 2016 -0500

    Transferring API Description file from Apiary.io

commit fdce744909f81817a77dd3789fb042d4a4b6aba6
Author: derek949 <derek.truong@utexas.edu>
Date:   Tue Mar 22 16:48:49 2016 -0500

    Transferring API Description file from Apiary.io

commit e395d38ac33b5d5e6e9ab6e543042393becdd512
Author: derek949 <derek.truong@utexas.edu>
Date:   Tue Mar 22 16:34:36 2016 -0500

    Transferring API Description file from Apiary.io

commit 5c78ba0c92f4ac9abaff645d33e2d72839174374
Author: derek949 <derek.truong@utexas.edu>
Date:   Tue Mar 22 16:08:52 2016 -0500

    Transferring API Description file from Apiary.io

commit af7f48865df32ec3bf3dc057c00c97a7202f2374
Merge: 5109b5c c09722b
Author: unknown <jonchu835@gmail.com>
Date:   Tue Mar 22 15:47:00 2016 -0500

    Merge branch 'master' of https://github.com/derek949/cs373-idb

commit 5109b5c6cc6ffef8c6f6c7cea7c9e16b3bb8495a
Author: unknown <jonchu835@gmail.com>
Date:   Tue Mar 22 15:46:32 2016 -0500

    Setup routes for url

commit c09722b9c47e9d95367f6f9422872600b2c1c4fc
Author: Sharon White <Sharon12@Sharons-MacBook-Air.local>
Date:   Tue Mar 22 14:28:44 2016 -0500

    added file to use yelp api

commit f29dd9d8aa61bb5f14bfac109eb0c6381607c2f2
Author: derek949 <derek.truong@utexas.edu>
Date:   Tue Mar 22 13:41:59 2016 -0500

    Transferring API Description file from Apiary.io

commit dd62dea5c68d9b3116352ce930b338683d73ad8b
Author: Julie Paik <juliepaik@utexas.edu>
Date:   Tue Mar 22 12:51:05 2016 -0500

    added code we can use to go thru Google Places API

commit 410b1ef5ec9e59a8ecdf24417b54a3c82b5c452c
Author: Julie Paik <juliepaik@utexas.edu>
Date:   Mon Mar 21 16:50:42 2016 -0500

    added sortable tables to modules

commit a36df54ca1d65b3f7cc12d5987d8b6a4d19ab1ab
Author: Julie Paik <juliepaik@utexas.edu>
Date:   Mon Mar 21 14:50:11 2016 -0500

    added google api table to founders page

commit 65969695ce41aaf911dbe6e1524fe8df9659feae
Author: Julie Paik <juliepaik@utexas.edu>
Date:   Wed Mar 16 20:17:10 2016 -0500

    modified formatting of about me page and added content outline

commit ad1228e51f22dec73fa7133aa2699bf98ebe0886
Author: Julie Paik <juliepaik@utexas.edu>
Date:   Mon Mar 14 16:52:10 2016 -0500

    added dark gray bg, plain white also in assets

commit 6fb291133adbe9af4d6fc2087ef59a70ddb18394
Author: Julie Paik <juliepaik@utexas.edu>
Date:   Mon Mar 14 16:18:32 2016 -0500

    nav bar links on all pages linked, removed background image

commit 5010d8a01e21c83ce1acff8d678b9b7cba9f2d10
Author: Julie Paik <juliep@Julies-MBP.attlocal.net>
Date:   Mon Mar 14 12:17:55 2016 -0500

    removed home tab, underlines respective tabs

commit 2927123cb0dc5793a7eec259bf33fbad0e4b1b3c
Merge: 310a6e4 7678ea1
Author: Julie Paik <juliep@Julies-MBP.attlocal.net>
Date:   Mon Mar 14 11:50:54 2016 -0500

    highlights current about page

commit 310a6e4ad62a295980b7f0356003824f41e86c82
Author: Julie Paik <juliep@Julies-MBP.attlocal.net>
Date:   Mon Mar 14 11:49:53 2016 -0500

    highlights current about page

commit 7678ea19dbe34d79388930eee29beb910bf459e3
Author: derek949 <derektruong3968@yahoo.com>
Date:   Mon Mar 14 11:11:38 2016 -0500

    Update blue.html

commit 9c01788abe584b12608065ac871d0d0d4f0dea8d
Author: derek949 <derek.truong@utexas.edu>
Date:   Mon Mar 14 10:52:26 2016 -0500

    Transferring API Description file from Apiary.io

commit bbdd7538abfb58283250ae993c59a1528d746c9f
Author: derek949 <derek.truong@utexas.edu>
Date:   Mon Mar 14 10:49:09 2016 -0500

    Transferring API Description file from Apiary.io

commit 9f431ba0b6710c24a1bd697c3c69a47c7aa4d935
Author: Julie Paik <juliep@Julies-MBP.attlocal.net>
Date:   Mon Mar 14 10:43:12 2016 -0500

    added temp blue.html file for visual

commit 7acd04ac0a1b138aa9d75f90518c1f6a0a000de0
Author: Julie Paik <juliep@Julies-MBP.attlocal.net>
Date:   Mon Mar 14 10:43:08 2016 -0500

    added temp blue.html file for visual

commit 76ebe5802eae6e8e1a1b6a57acc0c0e367c1a86d
Author: Julie Paik <juliep@Julies-MBP.attlocal.net>
Date:   Mon Mar 14 10:40:43 2016 -0500

    first static files

commit 268dfd524138cf1b1f532866885da0d14e65eab1
Author: derek949 <derektruong3968@yahoo.com>
Date:   Thu Mar 10 15:04:31 2016 -0600

    Create README.md
