commit 9eed88f414cc9b7a9f16aa77764acee9fb59ba73
Author: Derek Truong <derek949@cs.utexas.edu>
Date:   Thu Apr 7 22:01:13 2016 -0500

    fix read all

commit 0fee751a68e858d8401a953b8c941d6e33d409b9
Merge: 06a6e20 85df3ce
Author: Derek Truong <derek949@cs.utexas.edu>
Date:   Thu Apr 7 21:58:33 2016 -0500

    Merge branch 'dev' of https://github.com/derek949/cs373-idb into dev

commit 06a6e20e82b46479c19de840dc603824593043e8
Author: Derek Truong <derek949@cs.utexas.edu>
Date:   Thu Apr 7 21:58:30 2016 -0500

    drop

commit 85df3cee42f61c29537c5f61a6f4d8abc1de2a68
Author: juliep <juliep@cs.utexas.edu>
Date:   Thu Apr 7 21:53:02 2016 -0500

    moved cols on attr pg

commit c39f895f116cb067e8068485ed5629a86c01225b
Merge: fc81c51 e857612
Author: Derek Truong <derek949@cs.utexas.edu>
Date:   Thu Apr 7 21:51:08 2016 -0500

    Merge branch 'dev' of https://github.com/derek949/cs373-idb into dev

commit fc81c51c3a8310e6131bcf0553ec3d6ded6faeff
Author: Derek Truong <derek949@cs.utexas.edu>
Date:   Thu Apr 7 21:50:59 2016 -0500

    droping everything

commit e8576128840f9152ac817cbe23a27c0a735c107c
Merge: 2fcbe7f 43f142f
Author: juliep <juliep@cs.utexas.edu>
Date:   Thu Apr 7 21:44:56 2016 -0500

    Merge branch 'dev' of https://github.com/derek949/cs373-idb into dev

commit 2fcbe7f89f9b3a124268923ec360c173410039ea
Author: juliep <juliep@cs.utexas.edu>
Date:   Thu Apr 7 21:44:44 2016 -0500

    uniform hover links

commit 43f142f75c95ee03532dd139f743285816dad724
Merge: 871d0e3 88f4639
Author: Derek Truong <derek949@cs.utexas.edu>
Date:   Thu Apr 7 21:43:39 2016 -0500

    Merge branch 'dev' of https://github.com/derek949/cs373-idb into dev

commit 871d0e358faa4be8f566df99194ac784cf36be43
Author: Derek Truong <derek949@cs.utexas.edu>
Date:   Thu Apr 7 21:39:28 2016 -0500

    join

commit 388505f12776886b7d816d330e35b272ce34c68e
Author: Derek Truong <derek949@cs.utexas.edu>
Date:   Thu Apr 7 21:34:25 2016 -0500

    dropped tables

commit 88f46399e316f9b9c5f1c3fa67cf37fe4547502c
Author: juliep <juliep@cs.utexas.edu>
Date:   Thu Apr 7 21:33:43 2016 -0500

    moved and formatted run tests button

commit d4d375cefa9907bfc88cc8d6f49b98b4b1808d3d
Author: Derek Truong <derek949@cs.utexas.edu>
Date:   Thu Apr 7 21:31:06 2016 -0500

    adding data

commit 54a41e7f262613c12cf4a0862764cc0d01e37c3d
Author: Derek Truong <derek949@cs.utexas.edu>
Date:   Thu Apr 7 21:27:58 2016 -0500

    cities

commit c5f43de5da033a871ec101e4fd0f1258f47626ae
Author: Derek Truong <derek949@cs.utexas.edu>
Date:   Thu Apr 7 21:25:03 2016 -0500

    rever

commit c3a1fa683461492d3ac104913219622a2d54d392
Author: Derek Truong <derek949@cs.utexas.edu>
Date:   Thu Apr 7 21:22:13 2016 -0500

    testing drop

commit 42ebcb472333b1152977ed6fc406cbac91763715
Author: Derek Truong <derek949@cs.utexas.edu>
Date:   Thu Apr 7 21:16:45 2016 -0500

    testing

commit 167822d9c7919a4d72f750cd01833e252dc39eaf
Merge: 7e370f6 1473ee9
Author: juliep <juliep@cs.utexas.edu>
Date:   Thu Apr 7 21:14:15 2016 -0500

    Merge branch 'frontend-dev' into dev

commit 1473ee963c76aea70d300b99c1ff11f3d3cd9cca
Author: juliep <juliep@cs.utexas.edu>
Date:   Thu Apr 7 21:13:00 2016 -0500

    removed bgs

commit 7e370f6390c538a78c5cdf1a0d864a6d6e511b26
Author: Derek Truong <derek949@cs.utexas.edu>
Date:   Thu Apr 7 21:09:51 2016 -0500

    tests

commit 90204e8787a8a40206694940d7ae6a96af4b4b30
Author: Derek Truong <derek949@cs.utexas.edu>
Date:   Thu Apr 7 21:03:59 2016 -0500

    test

commit 8a4d009dfba29a480fc509db07d462134074fa01
Author: Derek Truong <derek949@cs.utexas.edu>
Date:   Thu Apr 7 21:00:17 2016 -0500

    test

commit 0e7780b9e0729cc65d186824b2879de8836d5cf9
Author: Derek Truong <derek949@cs.utexas.edu>
Date:   Thu Apr 7 20:55:13 2016 -0500

    test

commit c1593595cdfc1aace34b231562badb407f3997e5
Author: Derek Truong <derek949@cs.utexas.edu>
Date:   Thu Apr 7 20:53:02 2016 -0500

    models

commit b1314b0791af47a179f6f9a5d6649dfed8776c5c
Author: Derek Truong <derek949@cs.utexas.edu>
Date:   Thu Apr 7 20:49:43 2016 -0500

    test

commit f0bb6b3b8aa5cfebee5b72c58e3f59af4ef348cb
Author: Derek Truong <derek949@cs.utexas.edu>
Date:   Thu Apr 7 20:47:27 2016 -0500

    models

commit a6fe7ac94203139ed9ca274323ee78969cf59965
Author: Derek Truong <derek949@cs.utexas.edu>
Date:   Thu Apr 7 20:41:12 2016 -0500

    models

commit d93f710ba5e792c9ca3e34a1cadca066b3d6b69d
Author: Derek Truong <derek949@cs.utexas.edu>
Date:   Thu Apr 7 20:37:53 2016 -0500

    travis

commit e4baef4993a7c2d9d219f55312646a59a25bc62e
Author: Derek Truong <derek949@cs.utexas.edu>
Date:   Thu Apr 7 20:34:47 2016 -0500

    travis

commit 87e5d3a8b8d0f1d45ad076445761292fcb52f39c
Author: Derek Truong <derek949@cs.utexas.edu>
Date:   Thu Apr 7 20:31:14 2016 -0500

    travis

commit 5fef0653341fc9856310d797b9932e2545a9b20d
Author: Derek Truong <derek949@cs.utexas.edu>
Date:   Thu Apr 7 20:29:31 2016 -0500

    travis

commit efadc96fed3dc1ca07bc2e07cb38ba80aa959124
Author: juliep <juliep@cs.utexas.edu>
Date:   Thu Apr 7 20:28:04 2016 -0500

    lightened background

commit c9f4821f5a8fcc257d01a6fcee28f05f18d76da0
Author: Derek Truong <derek949@cs.utexas.edu>
Date:   Thu Apr 7 20:27:22 2016 -0500

    travis change

commit d4951a885250f4107f0eb1d2d5cfe37cf5ec651a
Author: juliep <juliep@cs.utexas.edu>
Date:   Thu Apr 7 20:25:22 2016 -0500

    added color to table

commit 81ed7cc211f125f407ae79e9588403b225ad6a45
Author: Derek Truong <derek949@cs.utexas.edu>
Date:   Thu Apr 7 20:24:52 2016 -0500

    travis

commit be20738d68129f1f54419e4d596a19830a4f35b1
Author: Derek Truong <derek949@cs.utexas.edu>
Date:   Thu Apr 7 20:15:30 2016 -0500

    tests/models change

commit 462c8fb5e79a73708eceace2d5474902827d5438
Author: Derek Truong <derek949@cs.utexas.edu>
Date:   Thu Apr 7 19:40:03 2016 -0500

    makefile edit again

commit f5b1cf0257a1dea13a2952c3c4e84c2d8cd1bf09
Author: Derek Truong <derek949@cs.utexas.edu>
Date:   Thu Apr 7 19:37:02 2016 -0500

    makefile

commit ab35273a17ee4b82ea47fb667f5e241d604b3b41
Author: Derek Truong <derek949@cs.utexas.edu>
Date:   Thu Apr 7 19:35:11 2016 -0500

    tests

commit 2106483bfcfcc82bd7783132506b56c7e9e6f07e
Author: Derek Truong <derek949@cs.utexas.edu>
Date:   Thu Apr 7 19:22:03 2016 -0500

    tests?

commit 62735b0c266dba37727e5c89c3c5fe0c886c0817
Author: Derek Truong <derek949@cs.utexas.edu>
Date:   Thu Apr 7 19:18:13 2016 -0500

    more travis fix

commit b12219823f75a43452a8a3dead4fda2d43f7570d
Author: Derek Truong <derek949@cs.utexas.edu>
Date:   Thu Apr 7 19:15:00 2016 -0500

    travis coverage

commit 3effa07800cf19dbacd35501e400f76f476fa384
Author: Derek Truong <derek949@cs.utexas.edu>
Date:   Thu Apr 7 19:13:00 2016 -0500

    travis

commit 20e1d3f487d9c33e87a737a45b05fa6f30e8c990
Author: Derek Truong <derek949@cs.utexas.edu>
Date:   Thu Apr 7 19:11:22 2016 -0500

    new travis

commit c4a777b493206b57cb321573b59e3f4f11e2ee6d
Merge: 6d35329 8a0d0a1
Author: Derek Truong <derek949@cs.utexas.edu>
Date:   Thu Apr 7 19:08:57 2016 -0500

    Merge branch 'dev' of https://github.com/derek949/cs373-idb into dev

commit 6d353296de1dff16511e90fbe1211b7423fba13f
Author: Derek Truong <derek949@cs.utexas.edu>
Date:   Thu Apr 7 19:08:36 2016 -0500

    testing travis

commit 8a0d0a1da5977870f6b7bfaf7c196eedf2fdbd83
Author: Sharon White <sharon12@cs.utexas.edu>
Date:   Thu Apr 7 19:08:21 2016 -0500

    Run test button now loads

commit cce372d9a425bdabced669aa48ce151114da19dc
Author: Derek Truong <derek949@cs.utexas.edu>
Date:   Thu Apr 7 19:02:44 2016 -0500

    update travis again

commit 90290744d7775bac34449d86d3a9f3d10ef95070
Author: Derek Truong <derek949@cs.utexas.edu>
Date:   Thu Apr 7 18:59:07 2016 -0500

    update travis

commit 65761d86abe9a79b14e0889cc03adc4ea30fb81a
Author: juliep <juliep@cs.utexas.edu>
Date:   Thu Apr 7 18:39:00 2016 -0500

    fixed heading font of instances and test page

commit db28fdea2d80b52eae3af29165ad61862bf1dd18
Author: Wes Draper <WesleyDraper@gmail.com>
Date:   Thu Apr 7 18:16:51 2016 -0500

    error pages

commit c780eac086b08607f453f8a5400d394d51b611da
Author: jchudev <jonchu835@gmail.com>
Date:   Thu Apr 7 18:08:52 2016 -0500

    updated UML

commit fe810a73c40f7c38ba3447a6114ee202a234f11e
Author: Derek Truong <derek949@cs.utexas.edu>
Date:   Thu Apr 7 16:58:37 2016 -0500

    updated commits issues unit tests

commit 06df9aef89527f1b8eaec65306e8620be3a497f7
Author: Derek Truong <derek949@cs.utexas.edu>
Date:   Thu Apr 7 16:57:12 2016 -0500

    updated commits issues unit tests

commit b508a995c61092769b97c8964973dd50ebcb2bf5
Author: Derek Truong <derek949@cs.utexas.edu>
Date:   Thu Apr 7 16:38:00 2016 -0500

    fixed attractions bg linking, close 50, 44, 35, 34, 32, 29, 23, 21

commit 4026eef89e7895e04fee94ef044e8ab04ad5b350
Author: Derek Truong <derek949@cs.utexas.edu>
Date:   Thu Apr 7 16:22:19 2016 -0500

    deleted comment

commit b34362e6d6200cccbeb8bbadffbe66848ac21ec1
Author: Derek Truong <derek949@cs.utexas.edu>
Date:   Thu Apr 7 16:20:06 2016 -0500

    changed location to city and added link to the city closes #44

commit 87d1b484da34e839cfecfade5658985cdabf607f
Author: Derek Truong <derek949@cs.utexas.edu>
Date:   Thu Apr 7 15:57:08 2016 -0500

    fixed locations/cities in tables

commit 96abf7e0ffc41ecaa43e481a5b6b56b2a5c102aa
Author: Sharon White <Sharonlulu12@yahoo.com>
Date:   Thu Apr 7 15:24:13 2016 -0500

    added more unit tests closes #37

commit 53368a32d323fa9e06cf1be6997048161af3ccdd
Merge: 61b03d4 8d8681d
Author: Julie Paik <juliepaik@utexas.edu>
Date:   Thu Apr 7 15:18:13 2016 -0500

    Merge branch 'dev' of https://github.com/derek949/cs373-idb into dev

commit 61b03d45bb040a7c847d46d7b40255e8d6c75416
Author: Julie Paik <juliepaik@utexas.edu>
Date:   Thu Apr 7 15:17:57 2016 -0500

    this fixes #49 so sweetspots buttons work

commit 8d8681d48dc4aec447b08c9feeb3243157ba77a7
Author: derek949 <derek.truong@utexas.edu>
Date:   Thu Apr 7 14:24:48 2016 -0500

    updated with images

commit 71e2a2e0a464459892ce201adec32030d73139b6
Merge: f15e98d 894af0c
Author: Julie Paik <juliepaik@utexas.edu>
Date:   Thu Apr 7 13:47:08 2016 -0500

    merge dev and frontend

commit 894af0c1384b2aa12a9beacae95fa7748ea93c84
Author: Julie Paik <juliepaik@utexas.edu>
Date:   Thu Apr 7 10:46:05 2016 -0500

    updated about page and fixed btn colors in work section

commit a96bf5401694603278ff2029228be6359cf53903
Author: Julie Paik <juliepaik@utexas.edu>
Date:   Thu Apr 7 10:05:48 2016 -0500

    responsive carousel caption

commit df63b59c7d0d8f5a2424c45a27c50773c908e9c7
Author: Julie Paik <juliepaik@utexas.edu>
Date:   Thu Apr 7 10:05:32 2016 -0500

    responsive carousel caption

commit f15e98d4d34bfe41544ed8a45c28942cd1ec7447
Author: Wes Draper <WesleyDraper@gmail.com>
Date:   Thu Apr 7 09:55:52 2016 -0500

    Finally Templated this SOB

commit 37bbd3624f4f161fa09992ca2071722e5c422d64
Author: Sharon White <sharon12@cs.utexas.edu>
Date:   Thu Apr 7 01:20:26 2016 -0500

    fixed unit tests

commit 71826908acb6ed746595c8b1fd528da469ff5542
Author: Julie Paik <juliepaik@utexas.edu>
Date:   Thu Apr 7 01:02:05 2016 -0500

    backgrounds on all model pages, fixed about page

commit 6dc7349a183c85abf41164db4009d6361bfde95b
Author: jchudev <jonchu835@gmail.com>
Date:   Thu Apr 7 00:41:08 2016 -0500

    got rid of extra line

commit 8b803d84f199bf311337a6a125c54e0b8de1c586
Merge: ab98e8f 5c6b23a
Author: jchudev <jonchu835@gmail.com>
Date:   Thu Apr 7 00:40:10 2016 -0500

    Merge branch 'dev' of https://github.com/derek949/cs373-idb into dev

commit ab98e8fe334632c55769de2940852d052986bdf3
Merge: f872b42 c81f62f
Author: jchudev <jonchu835@gmail.com>
Date:   Thu Apr 7 00:39:52 2016 -0500

    merged api changes

commit c81f62fb0fc33db6cdc4895ea33d90bca9bd524a
Author: jchudev <jonchu835@gmail.com>
Date:   Thu Apr 7 00:33:50 2016 -0500

    fixed api for city name

commit 5c6b23a47adf32b6b2c498376b487758696f7d2d
Author: juliep <juliep@cs.utexas.edu>
Date:   Wed Apr 6 23:04:59 2016 -0500

    data tables on all model pages

commit 9bb35c3e683794250773678d3bb7565933d3b491
Merge: e9af73e 636ab66
Author: juliep <juliep@cs.utexas.edu>
Date:   Wed Apr 6 23:03:39 2016 -0500

    Merge branch 'dev' of https://github.com/derek949/cs373-idb into dev

commit e9af73e99ffbde43185a4f7468174206e7723fd5
Author: juliep <juliep@cs.utexas.edu>
Date:   Wed Apr 6 23:03:17 2016 -0500

    data tables on all model pages

commit 636ab66a1f088fea2ac2b20ae0751719a9f36422
Author: Derek Truong <derek949@cs.utexas.edu>
Date:   Wed Apr 6 21:51:43 2016 -0500

    fixed UML

commit 92ecf3e162927b572ad3d2345da029677d707404
Merge: d56d945 4d57ac6
Author: juliep <juliep@cs.utexas.edu>
Date:   Wed Apr 6 21:48:57 2016 -0500

    Merge branch 'dev' of https://github.com/derek949/cs373-idb into dev

commit d56d945a049d95ec93002bd9158280b6e9cde5c9
Merge: 5774ecc f872b42
Author: juliep <juliep@cs.utexas.edu>
Date:   Wed Apr 6 21:48:10 2016 -0500

    Merge branch 'dev' of https://github.com/derek949/cs373-idb into dev

commit 4d57ac64cce5a2b236c9432fead3647771c86ac0
Author: derek949 <derek.truong@utexas.edu>
Date:   Wed Apr 6 21:48:09 2016 -0500

    fix this shit yo

commit 5774ecc1a7aa5dfbe9ac11f56b402f3585e17dcc
Author: juliep <juliep@cs.utexas.edu>
Date:   Wed Apr 6 21:44:53 2016 -0500

    sortable table works

commit e724a393f3fe77fb82c7636cc9b5ac12e31ed8be
Author: jchudev <jonchu835@gmail.com>
Date:   Wed Apr 6 20:07:07 2016 -0500

    Made changes to api

commit f872b42439c21e370dc28d3219c3212a3d240b3b
Author: Sharon White <sharon12@cs.utexas.edu>
Date:   Wed Apr 6 20:02:40 2016 -0500

    added run tests on about page

commit 45e98d60f2b34168ccc2dcddda88ddf8440e8366
Author: derek949 <derek.truong@utexas.edu>
Date:   Wed Apr 6 19:16:27 2016 -0500

    Updated API

commit 5c2c1b4da75ec1870762a3d7f623af076381c592
Author: juliep <juliep@cs.utexas.edu>
Date:   Wed Apr 6 19:14:54 2016 -0500

    OMG THE TABLE WORKS

commit 3193b57252d37f0abf2a1fc9d65e8d44ae4ff9df
Author: juliep <juliep@cs.utexas.edu>
Date:   Wed Apr 6 18:41:23 2016 -0500

    fixed background width, removed reactjs

commit cbe516071bac93ebf2adad5f48b87eb98d0bcb70
Author: Derek Truong <derek949@cs.utexas.edu>
Date:   Wed Apr 6 18:22:30 2016 -0500

    dank homepage

commit 25159bd460f5f24a50f8b53520b99331b58d97e8
Author: Sharon White <Sharonlulu12@yahoo.com>
Date:   Wed Apr 6 15:56:30 2016 -0500

    edit make test

commit f07961a5ee1b59093202d5328e23535668347ff7
Merge: 4fda2ec 745189a
Author: jchudev <jonchu835@gmail.com>
Date:   Wed Apr 6 14:58:21 2016 -0500

    Merge branch 'dev' of https://github.com/derek949/cs373-idb into dev

commit 4fda2ec574d4f9784a7f494ba436e762606f4156
Author: jchudev <jonchu835@gmail.com>
Date:   Wed Apr 6 14:56:24 2016 -0500

    Merged with backend dev and kind of fixed table

commit 7fe6b272c04c6f50bda2c15394e2a3ba487d2e01
Merge: f21124b 8dc83f9
Author: jchudev <jonchu835@gmail.com>
Date:   Wed Apr 6 14:47:38 2016 -0500

    Merge branch 'backend-dev' into dev

commit 745189af46a9933a245bf843e810bb2ba3bd976e
Author: Sharon White <Sharonlulu12@yahoo.com>
Date:   Wed Apr 6 11:19:00 2016 -0500

    added unit tests closes #28

commit f21124b1fab1892ec7f4fcbbb56d03ef399ade21
Author: Julie Paik <juliepaik@utexas.edu>
Date:   Tue Apr 5 21:42:24 2016 -0500

    deleted assets folder, added react files

commit 8dc83f98e87df9c1ad4d719709fe88b46d67d237
Author: jchudev <jonchu835@gmail.com>
Date:   Tue Apr 5 19:04:51 2016 -0500

    implemented data pre loading

commit 3350aeb4c1515c76ff0620a1c824269fd415d7cf
Author: Derek Truong <derek949@cs.utexas.edu>
Date:   Tue Apr 5 17:04:52 2016 -0500

    added data

commit b4ec1f581681c22df2f23bcd595adc118f2e2b7b
Author: jchudev <jonchu835@gmail.com>
Date:   Tue Apr 5 15:15:42 2016 -0500

    Created restful api closes #27

commit 6854d3019238afe5b9c883bfff486590da44a0a0
Author: Julie Paik <juliepaik@utexas.edu>
Date:   Sun Apr 3 16:40:12 2016 -0500

    centered home nav bar

commit 3e94e744ca687c1510ee06988b4cb2a445927eb3
Author: Julie Paik <juliepaik@utexas.edu>
Date:   Sun Apr 3 16:29:31 2016 -0500

    added bg to restaurants, changed navbar for homepg

commit 1e1c3a3620d27d6ce9ebaebd6f5d8db2eccabaab
Author: Julie Paik <juliepaik@utexas.edu>
Date:   Sun Apr 3 13:43:03 2016 -0500

    added bg to restaurants pg

commit da06bb90340b57fa50dd0eb0e538ec2ed52d11d9
Author: Julie Paik <juliepaik@utexas.edu>
Date:   Sun Apr 3 13:41:34 2016 -0500

    added bg to restaurants pg

commit 2f3879f150fef94bf6bde341d746783948989462
Author: Julie Paik <juliepaik@utexas.edu>
Date:   Sun Apr 3 05:43:46 2016 -0500

    fixes sp caegories to categories

commit 0729b5b19c5d5c7b5fb2306820fe5f6104e9ff25
Author: Julie Paik <juliepaik@utexas.edu>
Date:   Sun Apr 3 05:38:30 2016 -0500

    changed color scheme and added images to full-sized carousel

commit aa52b0181d3c87d53f933f480a550fae809d6bd1
Merge: 2a87900 d8f6651
Author: Julie <robojukie@users.noreply.github.com>
Date:   Sun Apr 3 00:47:39 2016 -0500

    Merge pull request #26 from derek949/dev
    
    sticky footer

commit d8f665150bee9ca8defaa5f11c205903dbef6fc0
Author: Julie Paik <juliepaik@utexas.edu>
Date:   Sun Apr 3 00:36:05 2016 -0500

    sticky footer

commit bd580e84108974e3512160259837249bea44fd21
Author: Sharon White <Sharonlulu12@yahoo.com>
Date:   Fri Apr 1 22:14:47 2016 -0500

    scrape yelp data & create entries for restaurant database closes #23

commit bc2e56ba9d639764e8124101b463512fd55afb37
Author: jchudev <jonchu835@gmail.com>
Date:   Fri Apr 1 12:02:26 2016 -0500

    Made backend dev branch

commit 2a879009e809956699cf8507e2ca67c0e5809133
Author: Julie <robojukie@users.noreply.github.com>
Date:   Thu Mar 31 15:56:21 2016 -0500

    Update .gitignore

commit d1b0f03ec26ba572066db7f6da9afc3a10fa3266
Author: Julie <robojukie@users.noreply.github.com>
Date:   Thu Mar 31 15:44:48 2016 -0500

    Delete config_secret.json

commit 047dcaf2c69903b4af6ba732f4bc174b48bb6dc1
Author: Julie <robojukie@users.noreply.github.com>
Date:   Thu Mar 31 15:44:04 2016 -0500

    Create config_secret.json

commit a5184075a49aa01895b8d3126f048bd10446cd4b
Author: Julie <robojukie@users.noreply.github.com>
Date:   Thu Mar 31 15:40:30 2016 -0500

    Update .gitignore

commit 4f6ad25773c7a2b885086f80f928709a12252963
Author: Sharon White <Sharonlulu12@yahoo.com>
Date:   Thu Mar 24 20:24:29 2016 -0500

    adding log

commit 3e7bad55c2187e10b83b207572dbc3dc33e46d67
Author: Sharon White <Sharonlulu12@yahoo.com>
Date:   Thu Mar 24 20:23:37 2016 -0500

    changed readme

commit 59291d5616f910b4565e1a53d105347e6f771ed8
Author: Sharon White <Sharonlulu12@yahoo.com>
Date:   Thu Mar 24 20:06:13 2016 -0500

    added log closes #12

commit c669f8c8fd8ae93907c7d842bb26dfb5479cf175
Author: Sharon White <Sharonlulu12@yahoo.com>
Date:   Thu Mar 24 20:04:26 2016 -0500

    added copyrightand deleted contact us closes #2, #3, #4, #5, #6, #9, #10, #11

commit d1231a2c4469a1f8ad93fb2da458aa3f4a81c16a
Author: derek949 <derek.truong@utexas.edu>
Date:   Thu Mar 24 19:56:52 2016 -0500

    Capital letters pissin me off

commit 9b07a73672c4a2c95c1a51e8a521c048d064be38
Merge: dcb5e1c 2d46d69
Author: Julie Paik <juliepaik@utexas.edu>
Date:   Thu Mar 24 19:49:10 2016 -0500

    Merge branch 'dev' of https://github.com/derek949/cs373-idb into dev

commit dcb5e1c0f2d86657d241e973852c0ba595ee569b
Author: Julie Paik <juliepaik@utexas.edu>
Date:   Thu Mar 24 19:48:21 2016 -0500

    fixed conflicts and changed copyright format

commit 2d46d6951defdf94ddf7fcefecd6e5ae55db0086
Merge: 5bcdd8a 92363ff
Author: Sharon White <Sharonlulu12@yahoo.com>
Date:   Thu Mar 24 19:34:04 2016 -0500

    Merge branch 'master' into dev
    
    trying to merge

commit 5bcdd8ae812ed8861c8abd8abc8bb730196a7da1
Author: Derek Truong <derek949@cs.utexas.edu>
Date:   Thu Mar 24 19:23:30 2016 -0500

    fixed picture names

commit aacd969173dd9e55b7393cf19fc05234325db0af
Merge: e57a003 ea3078d
Author: Derek Truong <derek949@cs.utexas.edu>
Date:   Thu Mar 24 19:09:02 2016 -0500

    Merge branch 'dev' of https://github.com/derek949/cs373-idb into dev

commit e57a003e3a9b87a081133bfc263a5a1a5d2d4bba
Author: Derek Truong <derek949@cs.utexas.edu>
Date:   Thu Mar 24 19:08:47 2016 -0500

    fixed picture sizing

commit ea3078db5d0048d1aff98b79539ed211af15bd89
Author: Jonathan <j0natran@gmail.com>
Date:   Thu Mar 24 18:47:54 2016 -0500

    Closes #19

commit 813ad59998939a5298dbcf126eae21e92ed61621
Author: jchudev <jonchu835@gmail.com>
Date:   Thu Mar 24 18:34:09 2016 -0500

    Added models.html and commented and adjusted models.py

commit 81c0f4e7b24059ddf10bbf98daffc20eaa87c565
Author: Derek Truong <derek949@cs.utexas.edu>
Date:   Thu Mar 24 17:41:53 2016 -0500

    fixed makefile

commit 24c578c559a63ed4acb32413a1c81c804608f32f
Author: derek949 <derek.truong@utexas.edu>
Date:   Thu Mar 24 17:36:25 2016 -0500

    updated apiary Fixes #8

commit 09e0a220eb0c01fabaaca33225c74b59a9d70cde
Author: Derek Truong <derek949@cs.utexas.edu>
Date:   Thu Mar 24 17:34:40 2016 -0500

    fix travis again

commit da7436c0d8d0f4a89e40a37bb8c3cd20d13dd550
Author: Derek Truong <derek949@cs.utexas.edu>
Date:   Thu Mar 24 17:32:36 2016 -0500

    changed travis

commit 219561120d0657545da580e95a3f8b45efd6f6ff
Author: Derek Truong <derek949@cs.utexas.edu>
Date:   Thu Mar 24 17:30:37 2016 -0500

    hidden files Fixes #7

commit 93c80e16887daa744b7cb7814fe33ab24a061d9b
Author: Derek Truong <derek949@cs.utexas.edu>
Date:   Thu Mar 24 17:29:40 2016 -0500

    hidden files added Fixes #7

commit 50726ed941677bdd07d768eff94806cde4162e21
Author: Derek Truong <derek949@cs.utexas.edu>
Date:   Thu Mar 24 17:24:36 2016 -0500

    added links to the tools for the about page

commit 76878ef021de3a1973372bd039c80ad45586f61a
Author: Julie Paik <juliepaik@utexas.edu>
Date:   Thu Mar 24 16:55:49 2016 -0500

    edited img files

commit e611bf3abf34bd8e2bd1d5ee6cdc421801a96ed7
Merge: 04718aa c577127
Author: Julie Paik <juliepaik@utexas.edu>
Date:   Thu Mar 24 16:54:14 2016 -0500

    Merge branch 'dev' of https://github.com/derek949/cs373-idb into dev

commit 04718aa04ba42d89a79e88f20dc68b0c3609d69d
Merge: 78257f3 6dd83d5
Author: Julie Paik <juliepaik@utexas.edu>
Date:   Thu Mar 24 16:53:58 2016 -0500

    edited img files

commit c5771277a4dfb7a3e499930d7eef6193ebbc4f22
Author: Wes Draper <WesleyDraper@gmail.com>
Date:   Thu Mar 24 16:36:31 2016 -0500

    changed index.html

commit 78257f3fc37d49610fde5a1010642bdd428a6544
Author: Julie Paik <juliepaik@utexas.edu>
Date:   Thu Mar 24 16:36:28 2016 -0500

    sized about photos

commit 6dd83d59ea2c352341b539551bae1dbf7d8941f4
Author: Sharon White <Sharonlulu12@yahoo.com>
Date:   Thu Mar 24 16:13:49 2016 -0500

    added unit tests

commit e815586563e5bc06d53fdc2ce01222b1a5c3753c
Merge: 585da64 f3bb733
Author: Derek Truong <derek949@cs.utexas.edu>
Date:   Thu Mar 24 16:08:40 2016 -0500

    Merge branch 'dev' of https://github.com/derek949/cs373-idb into dev

commit 585da64d7fe2126567190a167f97ac611600a4d4
Author: Derek Truong <derek949@cs.utexas.edu>
Date:   Thu Mar 24 16:06:28 2016 -0500

    html working

commit f3bb73336e9bdb4c52feaf370d6b5f9e60b4ce0b
Author: juliep <juliep@cs.utexas.edu>
Date:   Thu Mar 24 15:38:55 2016 -0500

    tests, still needs work

commit 89e860740e1864f845850ca9c060e75c0022b9a0
Author: Julie Paik <juliepaik@utexas.edu>
Date:   Thu Mar 24 14:20:27 2016 -0500

    added test file

commit 35a73719b6f9fcb00beb825b14b66f32467886a3
Author: Julie Paik <juliepaik@utexas.edu>
Date:   Thu Mar 24 10:22:53 2016 -0500

    added links to tables

commit fa2798d05b2da80af47b7793ed986dad67af1a4e
Author: Julie Paik <juliepaik@utexas.edu>
Date:   Thu Mar 24 09:36:09 2016 -0500

    fixed spacing after Project heading on about me page

commit e231f1f72edc0f430ecd1a6467e826d5b56750fc
Author: Julie Paik <juliepaik@utexas.edu>
Date:   Thu Mar 24 09:35:03 2016 -0500

    about me

commit 85dcc0a95491b7d3d988281913209f3af601cf63
Author: unknown <jonchu835@gmail.com>
Date:   Thu Mar 24 03:21:14 2016 -0500

    Added models.py

commit 719805a6b42d93c8fe2b521d34834cedcc52f840
Author: unknown <jonchu835@gmail.com>
Date:   Thu Mar 24 02:34:13 2016 -0500

    Modified template folder to include all of our pages and added routes to every single page

commit a3e788467288daab16934dc91702814e2ee44d7c
Author: Wes Draper <WesleyDraper@gmail.com>
Date:   Thu Mar 24 00:58:12 2016 -0500

    added sample restaurants and attractiont to the houston page and links to go their static pages

commit c520fe936b22aabd5f641ee710b6c96cb5a81c53
Author: unknown <jonchu835@gmail.com>
Date:   Thu Mar 24 00:35:43 2016 -0500

    Adding server to dev branch

commit b614112ea95d537f5f632428da7d64952383c556
Author: Wes Draper <WesleyDraper@gmail.com>
Date:   Thu Mar 24 00:20:26 2016 -0500

    added three sample restaurants
    '

commit e27498a0a677f7fcfa6698a915111bebf0c15f7d
Author: Wes Draper <WesleyDraper@gmail.com>
Date:   Thu Mar 24 00:00:26 2016 -0500

    changed nav bar for attractions sample pages

commit 92363ff72eaf38656e387f8617d5f7880f989fb9
Author: Derek <derek.truong@utexas.edu>
Date:   Wed Mar 23 17:09:30 2016 -0500

    add files n rm files

commit 17b6f0173f5d6c7e5f1ba7cb21beb2767a5e6235
Author: Wes Draper <WesleyDraper@gmail.com>
Date:   Wed Mar 23 12:49:35 2016 -0500

    chnaged the navbar to the sweetspots nav bar for 3 sample city pages

commit 41af88476ec0e25bd43931bd5505b68373735435
Author: Wes Draper <WesleyDraper@gmail.com>
Date:   Wed Mar 23 12:37:45 2016 -0500

    Added 3 sample attractions

commit dfa8c5d9e128f1562ec785c414d2e7aa1f9af6e0
Author: Julie Paik <juliepaik@utexas.edu>
Date:   Wed Mar 23 12:10:23 2016 -0500

    added tools list to about page

commit 326d52ca59c0335c16f78a8c9696e3965370fb05
Author: Wes Draper <WesleyDraper@gmail.com>
Date:   Tue Mar 22 19:32:48 2016 -0500

    added the 3 cities and their imgs

commit 7b4d88a7b010785a777141b030c3185dbbffa3dd
Author: derek949 <derek.truong@utexas.edu>
Date:   Tue Mar 22 19:30:49 2016 -0500

    Updated Apiary

commit 529adb72a7afca1ec464f12e0e930d92c2d91dbc
Author: Julie Paik <juliepaik@utexas.edu>
Date:   Tue Mar 22 19:25:43 2016 -0500

    navigation links work

commit a3128735b0ef3d6c81e03ea14a977d90ab6f9cae
Author: Julie Paik <juliepaik@utexas.edu>
Date:   Tue Mar 22 19:21:15 2016 -0500

    added static data to all model pages

commit 6298048f9ed516cffb78cac299a7c26da94639e5
Author: Julie Paik <juliepaik@utexas.edu>
Date:   Tue Mar 22 19:02:19 2016 -0500

    fixed table color

commit f7e05e591e93f75b8ec1dd1e466e55b87365837b
Author: derek949 <derek.truong@utexas.edu>
Date:   Tue Mar 22 19:01:41 2016 -0500

    Update Apiary

commit a58f51fb4d6ff943c09eb5895931af5728727b0f
Author: Julie Paik <juliepaik@utexas.edu>
Date:   Tue Mar 22 18:42:32 2016 -0500

    moved model pages to template folder

commit 8173f2f773845578809c55ed2c597e20babbe5f1
Author: Julie Paik <juliepaik@utexas.edu>
Date:   Tue Mar 22 18:26:42 2016 -0500

    changed table data and formatting

commit 2395b0ffd4e4123714bed931c33a8018ac5d1faa
Merge: c344880 46d9049
Author: Julie Paik <juliepaik@utexas.edu>
Date:   Tue Mar 22 18:26:04 2016 -0500

    what is going on?!

commit c34488039bd43f8506ee1db06c29372dbd185bc1
Author: Julie Paik <juliepaik@utexas.edu>
Date:   Tue Mar 22 18:21:11 2016 -0500

    we can see the table!

commit 0947d59f2b14e6f83eeed17fc6d1f525b4829ea1
Author: Julie Paik <juliepaik@utexas.edu>
Date:   Tue Mar 22 18:19:38 2016 -0500

    we can see the table!

commit 46d9049ab652ef62db3a3c7a6632c2f61b3b36c9
Author: Sharon White <Sharon12@Sharons-MacBook-Air.local>
Date:   Tue Mar 22 17:01:00 2016 -0500

    added UML file

commit be1870b4417d25450c1305a21f174dec2e25b577
Author: derek949 <derek.truong@utexas.edu>
Date:   Tue Mar 22 16:50:07 2016 -0500

    Transferring API Description file from Apiary.io

commit fdce744909f81817a77dd3789fb042d4a4b6aba6
Author: derek949 <derek.truong@utexas.edu>
Date:   Tue Mar 22 16:48:49 2016 -0500

    Transferring API Description file from Apiary.io

commit e395d38ac33b5d5e6e9ab6e543042393becdd512
Author: derek949 <derek.truong@utexas.edu>
Date:   Tue Mar 22 16:34:36 2016 -0500

    Transferring API Description file from Apiary.io

commit 5c78ba0c92f4ac9abaff645d33e2d72839174374
Author: derek949 <derek.truong@utexas.edu>
Date:   Tue Mar 22 16:08:52 2016 -0500

    Transferring API Description file from Apiary.io

commit af7f48865df32ec3bf3dc057c00c97a7202f2374
Merge: 5109b5c c09722b
Author: unknown <jonchu835@gmail.com>
Date:   Tue Mar 22 15:47:00 2016 -0500

    Merge branch 'master' of https://github.com/derek949/cs373-idb

commit 5109b5c6cc6ffef8c6f6c7cea7c9e16b3bb8495a
Author: unknown <jonchu835@gmail.com>
Date:   Tue Mar 22 15:46:32 2016 -0500

    Setup routes for url

commit c09722b9c47e9d95367f6f9422872600b2c1c4fc
Author: Sharon White <Sharon12@Sharons-MacBook-Air.local>
Date:   Tue Mar 22 14:28:44 2016 -0500

    added file to use yelp api

commit f29dd9d8aa61bb5f14bfac109eb0c6381607c2f2
Author: derek949 <derek.truong@utexas.edu>
Date:   Tue Mar 22 13:41:59 2016 -0500

    Transferring API Description file from Apiary.io

commit dd62dea5c68d9b3116352ce930b338683d73ad8b
Author: Julie Paik <juliepaik@utexas.edu>
Date:   Tue Mar 22 12:51:05 2016 -0500

    added code we can use to go thru Google Places API

commit 410b1ef5ec9e59a8ecdf24417b54a3c82b5c452c
Author: Julie Paik <juliepaik@utexas.edu>
Date:   Mon Mar 21 16:50:42 2016 -0500

    added sortable tables to modules

commit a36df54ca1d65b3f7cc12d5987d8b6a4d19ab1ab
Author: Julie Paik <juliepaik@utexas.edu>
Date:   Mon Mar 21 14:50:11 2016 -0500

    added google api table to founders page

commit 65969695ce41aaf911dbe6e1524fe8df9659feae
Author: Julie Paik <juliepaik@utexas.edu>
Date:   Wed Mar 16 20:17:10 2016 -0500

    modified formatting of about me page and added content outline

commit ad1228e51f22dec73fa7133aa2699bf98ebe0886
Author: Julie Paik <juliepaik@utexas.edu>
Date:   Mon Mar 14 16:52:10 2016 -0500

    added dark gray bg, plain white also in assets

commit 6fb291133adbe9af4d6fc2087ef59a70ddb18394
Author: Julie Paik <juliepaik@utexas.edu>
Date:   Mon Mar 14 16:18:32 2016 -0500

    nav bar links on all pages linked, removed background image

commit 5010d8a01e21c83ce1acff8d678b9b7cba9f2d10
Author: Julie Paik <juliep@Julies-MBP.attlocal.net>
Date:   Mon Mar 14 12:17:55 2016 -0500

    removed home tab, underlines respective tabs

commit 2927123cb0dc5793a7eec259bf33fbad0e4b1b3c
Merge: 310a6e4 7678ea1
Author: Julie Paik <juliep@Julies-MBP.attlocal.net>
Date:   Mon Mar 14 11:50:54 2016 -0500

    highlights current about page

commit 310a6e4ad62a295980b7f0356003824f41e86c82
Author: Julie Paik <juliep@Julies-MBP.attlocal.net>
Date:   Mon Mar 14 11:49:53 2016 -0500

    highlights current about page

commit 7678ea19dbe34d79388930eee29beb910bf459e3
Author: derek949 <derektruong3968@yahoo.com>
Date:   Mon Mar 14 11:11:38 2016 -0500

    Update blue.html

commit 9c01788abe584b12608065ac871d0d0d4f0dea8d
Author: derek949 <derek.truong@utexas.edu>
Date:   Mon Mar 14 10:52:26 2016 -0500

    Transferring API Description file from Apiary.io

commit bbdd7538abfb58283250ae993c59a1528d746c9f
Author: derek949 <derek.truong@utexas.edu>
Date:   Mon Mar 14 10:49:09 2016 -0500

    Transferring API Description file from Apiary.io

commit 9f431ba0b6710c24a1bd697c3c69a47c7aa4d935
Author: Julie Paik <juliep@Julies-MBP.attlocal.net>
Date:   Mon Mar 14 10:43:12 2016 -0500

    added temp blue.html file for visual

commit 7acd04ac0a1b138aa9d75f90518c1f6a0a000de0
Author: Julie Paik <juliep@Julies-MBP.attlocal.net>
Date:   Mon Mar 14 10:43:08 2016 -0500

    added temp blue.html file for visual

commit 76ebe5802eae6e8e1a1b6a57acc0c0e367c1a86d
Author: Julie Paik <juliep@Julies-MBP.attlocal.net>
Date:   Mon Mar 14 10:40:43 2016 -0500

    first static files

commit 268dfd524138cf1b1f532866885da0d14e65eab1
Author: derek949 <derektruong3968@yahoo.com>
Date:   Thu Mar 10 15:04:31 2016 -0600

    Create README.md
