0 info it worked if it ends with ok
1 verbose cli [ '/usr/local/bin/node',
1 verbose cli   '/usr/local/bin/npm',
1 verbose cli   'install',
1 verbose cli   'webpack@1.2.x',
1 verbose cli   '--save-dev' ]
2 info using npm@2.15.0
3 info using node@v4.4.2
4 verbose install initial load of /Users/juliep/cs373-idb/package.json
5 verbose installManyTop reading scoped package data from /Users/juliep/cs373-idb/node_modules/babel-core/package.json
6 verbose installManyTop reading scoped package data from /Users/juliep/cs373-idb/node_modules/babel-loader/package.json
7 verbose installManyTop reading scoped package data from /Users/juliep/cs373-idb/node_modules/babel-preset-es2015/package.json
8 verbose installManyTop reading scoped package data from /Users/juliep/cs373-idb/node_modules/babel-preset-react/package.json
9 verbose installManyTop reading scoped package data from /Users/juliep/cs373-idb/node_modules/babelify/package.json
10 verbose installManyTop reading scoped package data from /Users/juliep/cs373-idb/node_modules/install/package.json
11 verbose installManyTop reading scoped package data from /Users/juliep/cs373-idb/node_modules/npm/package.json
12 verbose installManyTop reading scoped package data from /Users/juliep/cs373-idb/node_modules/react/package.json
13 verbose installManyTop reading scoped package data from /Users/juliep/cs373-idb/node_modules/react-dom/package.json
14 verbose installManyTop reading scoped package data from /Users/juliep/cs373-idb/node_modules/webpack/package.json
15 verbose installManyTop reading scoped package data from /Users/juliep/cs373-idb/node_modules/webpack-dev-server/package.json
16 info package.json webpack@1.1.11 No license field.
17 info package.json npm@3.8.5 Non-dependency in bundleDependencies: ansi-regex
18 info package.json npm@3.8.5 Non-dependency in bundleDependencies: debuglog
19 info package.json npm@3.8.5 Non-dependency in bundleDependencies: imurmurhash
20 info package.json npm@3.8.5 Non-dependency in bundleDependencies: lodash._baseindexof
21 info package.json npm@3.8.5 Non-dependency in bundleDependencies: lodash._bindcallback
22 info package.json npm@3.8.5 Non-dependency in bundleDependencies: lodash._cacheindexof
23 info package.json npm@3.8.5 Non-dependency in bundleDependencies: lodash._createcache
24 info package.json npm@3.8.5 Non-dependency in bundleDependencies: lodash._getnative
25 info package.json npm@3.8.5 Non-dependency in bundleDependencies: lodash.restparam
26 info package.json npm@3.8.5 Non-dependency in bundleDependencies: readdir-scoped-modules
27 info package.json npm@3.8.5 Non-dependency in bundleDependencies: validate-npm-package-license
28 verbose readDependencies loading dependencies from /Users/juliep/cs373-idb/package.json
29 silly cache add args [ 'webpack@1.2.x', null ]
30 verbose cache add spec webpack@1.2.x
31 silly cache add parsed spec Result {
31 silly cache add   raw: 'webpack@1.2.x',
31 silly cache add   scope: null,
31 silly cache add   name: 'webpack',
31 silly cache add   rawSpec: '1.2.x',
31 silly cache add   spec: '>=1.2.0 <1.3.0',
31 silly cache add   type: 'range' }
32 silly addNamed webpack@>=1.2.0 <1.3.0
33 verbose addNamed ">=1.2.0 <1.3.0" is a valid semver range for webpack
34 silly addNameRange { name: 'webpack', range: '>=1.2.0 <1.3.0', hasData: false }
35 silly mapToRegistry name webpack
36 silly mapToRegistry using default registry
37 silly mapToRegistry registry https://registry.npmjs.org/
38 silly mapToRegistry data Result {
38 silly mapToRegistry   raw: 'webpack',
38 silly mapToRegistry   scope: null,
38 silly mapToRegistry   name: 'webpack',
38 silly mapToRegistry   rawSpec: '',
38 silly mapToRegistry   spec: 'latest',
38 silly mapToRegistry   type: 'tag' }
39 silly mapToRegistry uri https://registry.npmjs.org/webpack
40 verbose addNameRange registry:https://registry.npmjs.org/webpack not in flight; fetching
41 verbose request uri https://registry.npmjs.org/webpack
42 verbose request no auth needed
43 info attempt registry request try #1 at 11:36:31 AM
44 verbose request id 4c841b635fd56ff0
45 verbose etag "F546KO8XN9PB789FR37UDV77T"
46 http request GET https://registry.npmjs.org/webpack
47 http 304 https://registry.npmjs.org/webpack
48 verbose headers { date: 'Wed, 06 Apr 2016 16:36:28 GMT',
48 verbose headers   via: '1.1 varnish',
48 verbose headers   'cache-control': 'max-age=300',
48 verbose headers   etag: '"F546KO8XN9PB789FR37UDV77T"',
48 verbose headers   age: '149',
48 verbose headers   connection: 'keep-alive',
48 verbose headers   'x-served-by': 'cache-dfw1828-DFW',
48 verbose headers   'x-cache': 'HIT',
48 verbose headers   'x-cache-hits': '1',
48 verbose headers   'x-timer': 'S1459960588.485033,VS0,VE1',
48 verbose headers   vary: 'Accept-Encoding' }
49 silly get cb [ 304,
49 silly get   { date: 'Wed, 06 Apr 2016 16:36:28 GMT',
49 silly get     via: '1.1 varnish',
49 silly get     'cache-control': 'max-age=300',
49 silly get     etag: '"F546KO8XN9PB789FR37UDV77T"',
49 silly get     age: '149',
49 silly get     connection: 'keep-alive',
49 silly get     'x-served-by': 'cache-dfw1828-DFW',
49 silly get     'x-cache': 'HIT',
49 silly get     'x-cache-hits': '1',
49 silly get     'x-timer': 'S1459960588.485033,VS0,VE1',
49 silly get     vary: 'Accept-Encoding' } ]
50 verbose etag https://registry.npmjs.org/webpack from cache
51 verbose get saving webpack to /Users/juliep/.npm/registry.npmjs.org/webpack/.cache.json
52 verbose correctMkdir /Users/juliep/.npm correctMkdir not in flight; initializing
53 silly addNameRange number 2 { name: 'webpack', range: '>=1.2.0 <1.3.0', hasData: true }
54 silly addNameRange versions [ 'webpack',
54 silly addNameRange   [ '0.1.0',
54 silly addNameRange     '0.1.1',
54 silly addNameRange     '0.1.2',
54 silly addNameRange     '0.1.3',
54 silly addNameRange     '0.1.4',
54 silly addNameRange     '0.1.5',
54 silly addNameRange     '0.1.6',
54 silly addNameRange     '0.2.0',
54 silly addNameRange     '0.2.1',
54 silly addNameRange     '0.2.2',
54 silly addNameRange     '0.2.3',
54 silly addNameRange     '0.2.4',
54 silly addNameRange     '0.2.6',
54 silly addNameRange     '0.2.7',
54 silly addNameRange     '0.2.8',
54 silly addNameRange     '0.3.0',
54 silly addNameRange     '0.3.1',
54 silly addNameRange     '0.3.2',
54 silly addNameRange     '0.3.3',
54 silly addNameRange     '0.3.4',
54 silly addNameRange     '0.3.6',
54 silly addNameRange     '0.3.7',
54 silly addNameRange     '0.3.8',
54 silly addNameRange     '0.3.9',
54 silly addNameRange     '0.3.10',
54 silly addNameRange     '0.3.11',
54 silly addNameRange     '0.3.12',
54 silly addNameRange     '0.3.13',
54 silly addNameRange     '0.3.14',
54 silly addNameRange     '0.3.15',
54 silly addNameRange     '0.3.16',
54 silly addNameRange     '0.3.17',
54 silly addNameRange     '0.3.18',
54 silly addNameRange     '0.3.19',
54 silly addNameRange     '0.3.20',
54 silly addNameRange     '0.4.0',
54 silly addNameRange     '0.4.1',
54 silly addNameRange     '0.4.2',
54 silly addNameRange     '0.4.3',
54 silly addNameRange     '0.4.4',
54 silly addNameRange     '0.4.5',
54 silly addNameRange     '0.4.6',
54 silly addNameRange     '0.4.7',
54 silly addNameRange     '0.4.8',
54 silly addNameRange     '0.4.9',
54 silly addNameRange     '0.4.10',
54 silly addNameRange     '0.4.11',
54 silly addNameRange     '0.4.12',
54 silly addNameRange     '0.4.13',
54 silly addNameRange     '0.4.14',
54 silly addNameRange     '0.4.15',
54 silly addNameRange     '0.4.16',
54 silly addNameRange     '0.4.17',
54 silly addNameRange     '0.4.18',
54 silly addNameRange     '0.4.19',
54 silly addNameRange     '0.4.20',
54 silly addNameRange     '0.4.21',
54 silly addNameRange     '0.4.23',
54 silly addNameRange     '0.4.24',
54 silly addNameRange     '0.4.25',
54 silly addNameRange     '0.5.0',
54 silly addNameRange     '0.5.1',
54 silly addNameRange     '0.5.2',
54 silly addNameRange     '0.5.3',
54 silly addNameRange     '0.5.4',
54 silly addNameRange     '0.5.5',
54 silly addNameRange     '0.5.6',
54 silly addNameRange     '0.5.7',
54 silly addNameRange     '0.5.8',
54 silly addNameRange     '0.5.10',
54 silly addNameRange     '0.6.0',
54 silly addNameRange     '0.6.1',
54 silly addNameRange     '0.6.2',
54 silly addNameRange     '0.7.0-beta',
54 silly addNameRange     '0.7.0-beta2',
54 silly addNameRange     '0.7.0-beta3',
54 silly addNameRange     '0.7.0-beta4',
54 silly addNameRange     '0.7.0-beta5',
54 silly addNameRange     '0.7.0-beta6',
54 silly addNameRange     '0.7.0-beta7',
54 silly addNameRange     '0.7.0-beta8',
54 silly addNameRange     '0.7.0',
54 silly addNameRange     '0.7.1',
54 silly addNameRange     '0.7.2',
54 silly addNameRange     '0.7.3',
54 silly addNameRange     '0.7.4',
54 silly addNameRange     '0.7.5',
54 silly addNameRange     '0.7.6',
54 silly addNameRange     '0.7.7',
54 silly addNameRange     '0.7.8',
54 silly addNameRange     '0.7.9',
54 silly addNameRange     '0.7.11',
54 silly addNameRange     '0.7.12',
54 silly addNameRange     '0.7.13',
54 silly addNameRange     '0.7.14',
54 silly addNameRange     '0.7.15',
54 silly addNameRange     '0.7.16',
54 silly addNameRange     '0.7.17',
54 silly addNameRange     '0.8.0-beta1',
54 silly addNameRange     '0.8.0-beta2',
54 silly addNameRange     '0.8.0-beta3',
54 silly addNameRange     '0.8.0-beta4',
54 silly addNameRange     '0.8.0',
54 silly addNameRange     '0.8.2',
54 silly addNameRange     '0.8.3',
54 silly addNameRange     '0.9.0-beta1',
54 silly addNameRange     '0.9.0-beta2',
54 silly addNameRange     '0.9.0-beta4',
54 silly addNameRange     '0.9.0-beta5',
54 silly addNameRange     '0.9.0-beta6',
54 silly addNameRange     '0.9.0-beta7',
54 silly addNameRange     '0.9.0-beta8',
54 silly addNameRange     '0.9.0-beta9',
54 silly addNameRange     '0.9.0-beta10',
54 silly addNameRange     '0.9.0-beta11',
54 silly addNameRange     '0.9.0-beta12',
54 silly addNameRange     '0.9.0-beta13',
54 silly addNameRange     '0.9.0-beta14',
54 silly addNameRange     '0.9.0-beta15',
54 silly addNameRange     '0.9.0-beta16',
54 silly addNameRange     '0.9.0-beta17',
54 silly addNameRange     '0.9.0-beta18',
54 silly addNameRange     '0.9.0-beta19',
54 silly addNameRange     '0.9.0-beta20',
54 silly addNameRange     '0.9.0-beta21',
54 silly addNameRange     '0.9.0-beta22',
54 silly addNameRange     '0.9.0-beta23',
54 silly addNameRange     '0.9.0-beta24',
54 silly addNameRange     '0.9.0-beta25',
54 silly addNameRange     '0.9.0-beta26',
54 silly addNameRange     '0.9.0-beta27',
54 silly addNameRange     '0.9.0-beta28',
54 silly addNameRange     '0.9.0-beta29',
54 silly addNameRange     '0.9.0-beta30',
54 silly addNameRange     '0.9.0-beta31',
54 silly addNameRange     '0.9.0-beta32',
54 silly addNameRange     '0.9.0-beta33',
54 silly addNameRange     '0.9.0-beta34',
54 silly addNameRange     '0.9.0-beta35',
54 silly addNameRange     '0.9.0-beta36',
54 silly addNameRange     '0.9.0-beta37',
54 silly addNameRange     '0.9.0-beta38',
54 silly addNameRange     '0.9.0',
54 silly addNameRange     '0.9.1',
54 silly addNameRange     '0.9.2',
54 silly addNameRange     '0.9.3',
54 silly addNameRange     '0.10.0-beta2',
54 silly addNameRange     '0.10.0-beta3',
54 silly addNameRange     '0.10.0-beta5',
54 silly addNameRange     '0.10.0-beta6',
54 silly addNameRange     '0.10.0-beta7',
54 silly addNameRange     '0.10.0-beta8',
54 silly addNameRange     '0.10.0-beta9',
54 silly addNameRange     '0.10.0-beta10',
54 silly addNameRange     '0.10.0-beta11',
54 silly addNameRange     '0.10.0-beta12',
54 silly addNameRange     '0.10.0-beta13',
54 silly addNameRange     '0.10.0-beta14',
54 silly addNameRange     '0.10.0-beta15',
54 silly addNameRange     '0.10.0-beta16',
54 silly addNameRange     '0.10.0-beta17',
54 silly addNameRange     '0.10.0-beta18',
54 silly addNameRange     '0.10.0-beta19',
54 silly addNameRange     '0.10.0-beta20',
54 silly addNameRange     '0.10.0-beta21',
54 silly addNameRange     '0.10.0-beta22',
54 silly addNameRange     '0.10.0-beta23',
54 silly addNameRange     '0.10.0-beta24',
54 silly addNameRange     '0.10.0-beta25',
54 silly addNameRange     '0.10.0',
54 silly addNameRange     '0.11.0-beta1',
54 silly addNameRange     '0.11.0-beta2',
54 silly addNameRange     '0.11.0-beta3',
54 silly addNameRange     '0.11.0-beta4',
54 silly addNameRange     '0.11.0-beta5',
54 silly addNameRange     '0.11.0-beta6',
54 silly addNameRange     '0.11.0-beta7',
54 silly addNameRange     '0.11.0-beta8',
54 silly addNameRange     '0.11.0-beta9',
54 silly addNameRange     '0.11.0-beta10',
54 silly addNameRange     '0.11.0-beta11',
54 silly addNameRange     '0.11.0-beta12',
54 silly addNameRange     '0.11.0-beta13',
54 silly addNameRange     '0.11.0-beta14',
54 silly addNameRange     '0.11.0-beta15',
54 silly addNameRange     '0.11.0-beta16',
54 silly addNameRange     '0.11.0-beta17',
54 silly addNameRange     '0.11.0-beta18',
54 silly addNameRange     '0.11.0-beta19',
54 silly addNameRange     '0.11.0-beta20',
54 silly addNameRange     '0.11.0-beta21',
54 silly addNameRange     '0.11.0-beta22',
54 silly addNameRange     '0.11.0-beta23',
54 silly addNameRange     '0.11.0-beta24',
54 silly addNameRange     '0.11.0-beta25',
54 silly addNameRange     '0.11.0-beta26',
54 silly addNameRange     '0.11.0-beta27',
54 silly addNameRange     '0.11.0-beta28',
54 silly addNameRange     '0.11.0-beta29',
54 silly addNameRange     '0.11.0',
54 silly addNameRange     '0.11.1',
54 silly addNameRange     '0.11.2',
54 silly addNameRange     '0.11.3',
54 silly addNameRange     '0.11.4',
54 silly addNameRange     '0.11.5',
54 silly addNameRange     '0.11.6',
54 silly addNameRange     '0.11.7',
54 silly addNameRange     '0.11.8',
54 silly addNameRange     '0.11.9',
54 silly addNameRange     '0.11.10',
54 silly addNameRange     '0.11.11',
54 silly addNameRange     '0.11.12',
54 silly addNameRange     '0.11.13',
54 silly addNameRange     '0.11.14',
54 silly addNameRange     '0.11.15',
54 silly addNameRange     '1.0.0-beta1',
54 silly addNameRange     '1.0.0-beta2',
54 silly addNameRange     '1.0.0-beta3',
54 silly addNameRange     '1.0.0-beta4',
54 silly addNameRange     '0.11.16',
54 silly addNameRange     '0.11.17',
54 silly addNameRange     '0.11.18',
54 silly addNameRange     '1.0.0-beta5',
54 silly addNameRange     '1.0.0-beta6',
54 silly addNameRange     '1.0.0-beta7',
54 silly addNameRange     '1.0.0-beta8',
54 silly addNameRange     '1.0.0-beta9',
54 silly addNameRange     '1.0.0-rc1',
54 silly addNameRange     '1.0.0-rc2',
54 silly addNameRange     '1.0.0-rc3',
54 silly addNameRange     '1.0.0-rc4',
54 silly addNameRange     '1.0.0-rc5',
54 silly addNameRange     '1.0.0-rc7',
54 silly addNameRange     '1.0.0-rc8',
54 silly addNameRange     '1.0.0-rc9',
54 silly addNameRange     '1.0.0-rc11',
54 silly addNameRange     '1.0.0-rc12',
54 silly addNameRange     '1.0.0',
54 silly addNameRange     '1.0.1',
54 silly addNameRange     '1.0.3',
54 silly addNameRange     '1.0.4',
54 silly addNameRange     '1.0.5',
54 silly addNameRange     '1.1.0-beta1',
54 silly addNameRange     '1.1.0-beta2',
54 silly addNameRange     '1.1.0-beta3',
54 silly addNameRange     '1.1.0-beta4',
54 silly addNameRange     '1.1.0-beta5',
54 silly addNameRange     '1.1.0-beta6',
54 silly addNameRange     '1.1.0-beta7',
54 silly addNameRange     '1.1.0-beta8',
54 silly addNameRange     '1.1.0-beta9',
54 silly addNameRange     '1.1.0-beta10',
54 silly addNameRange     '1.1.0-beta12',
54 silly addNameRange     '1.1.0',
54 silly addNameRange     '1.1.1',
54 silly addNameRange     '1.1.2',
54 silly addNameRange     '1.1.3',
54 silly addNameRange     '1.1.4',
54 silly addNameRange     '1.1.5',
54 silly addNameRange     '1.1.6',
54 silly addNameRange     '1.1.7',
54 silly addNameRange     '1.1.8',
54 silly addNameRange     '1.1.9',
54 silly addNameRange     '1.1.10',
54 silly addNameRange     '1.1.11',
54 silly addNameRange     '1.2.0-beta1',
54 silly addNameRange     '1.2.0-beta2',
54 silly addNameRange     '1.2.0-beta4',
54 silly addNameRange     '1.2.0-beta5',
54 silly addNameRange     '1.2.0-beta6',
54 silly addNameRange     '1.3.0-beta1',
54 silly addNameRange     '1.3.0-beta2',
54 silly addNameRange     '1.3.0-beta3',
54 silly addNameRange     '1.3.0-beta4',
54 silly addNameRange     '1.3.0-beta5',
54 silly addNameRange     '1.3.0-beta6',
54 silly addNameRange     '1.3.0-beta7',
54 silly addNameRange     '1.3.0-beta8',
54 silly addNameRange     '1.3.0-beta9',
54 silly addNameRange     '1.3.1-beta1',
54 silly addNameRange     '1.3.1-beta2',
54 silly addNameRange     '1.3.1-beta3',
54 silly addNameRange     '1.3.1-beta4',
54 silly addNameRange     '1.3.1-beta5',
54 silly addNameRange     '1.3.1-beta6',
54 silly addNameRange     '1.3.1-beta7',
54 silly addNameRange     '1.3.1-beta8',
54 silly addNameRange     '1.3.1-beta9',
54 silly addNameRange     '1.3.2-beta1',
54 silly addNameRange     '1.3.2-beta2',
54 silly addNameRange     '1.3.2-beta3',
54 silly addNameRange     '1.3.2-beta4',
54 silly addNameRange     '1.3.2-beta5',
54 silly addNameRange     '1.3.2-beta6',
54 silly addNameRange     '1.3.2-beta7',
54 silly addNameRange     '1.3.2-beta8',
54 silly addNameRange     '1.3.2-beta9',
54 silly addNameRange     '1.3.3-beta1',
54 silly addNameRange     '1.3.3-beta2',
54 silly addNameRange     '1.3.4',
54 silly addNameRange     '1.3.5',
54 silly addNameRange     '1.3.6',
54 silly addNameRange     '1.3.7',
54 silly addNameRange     '1.4.0-beta1',
54 silly addNameRange     '1.4.0-beta2',
54 silly addNameRange     '1.4.0-beta3',
54 silly addNameRange     '1.4.0-beta4',
54 silly addNameRange     '1.4.0-beta5',
54 silly addNameRange     '1.4.0-beta6',
54 silly addNameRange     '1.4.0-beta7',
54 silly addNameRange     '1.4.0-beta8',
54 silly addNameRange     '1.4.0-beta9',
54 silly addNameRange     '1.4.0-beta10',
54 silly addNameRange     '1.4.1-beta1',
54 silly addNameRange     '1.4.2',
54 silly addNameRange     '1.4.3',
54 silly addNameRange     '1.4.4',
54 silly addNameRange     '1.4.5',
54 silly addNameRange     '1.4.6',
54 silly addNameRange     '1.4.7',
54 silly addNameRange     '1.4.8',
54 silly addNameRange     '1.4.9',
54 silly addNameRange     '1.4.10',
54 silly addNameRange     '1.4.11',
54 silly addNameRange     '1.4.12',
54 silly addNameRange     '1.4.13',
54 silly addNameRange     '1.4.14',
54 silly addNameRange     '1.4.15',
54 silly addNameRange     '1.5.0',
54 silly addNameRange     '1.5.1',
54 silly addNameRange     '1.5.2',
54 silly addNameRange     '1.5.3',
54 silly addNameRange     '1.6.0',
54 silly addNameRange     '1.7.0',
54 silly addNameRange     '1.7.1',
54 silly addNameRange     '1.7.2',
54 silly addNameRange     '1.7.3',
54 silly addNameRange     '1.8.0',
54 silly addNameRange     '1.8.1',
54 silly addNameRange     '1.8.2',
54 silly addNameRange     '1.8.3',
54 silly addNameRange     '1.8.4',
54 silly addNameRange     '1.8.5',
54 silly addNameRange     '1.8.6',
54 silly addNameRange     '1.8.7',
54 silly addNameRange     '1.8.8',
54 silly addNameRange     '1.8.9',
54 silly addNameRange     '1.8.10',
54 silly addNameRange     '1.8.11',
54 silly addNameRange     '1.9.0',
54 silly addNameRange     '1.9.1',
54 silly addNameRange     '1.9.2',
54 silly addNameRange     '1.9.3',
54 silly addNameRange     '1.9.4',
54 silly addNameRange     '1.9.5',
54 silly addNameRange     '1.9.6',
54 silly addNameRange     '1.9.7',
54 silly addNameRange     '1.9.8',
54 silly addNameRange     '1.9.9',
54 silly addNameRange     '1.9.10',
54 silly addNameRange     '1.9.11',
54 silly addNameRange     '1.9.12',
54 silly addNameRange     '1.9.13',
54 silly addNameRange     '1.10.0',
54 silly addNameRange     '1.10.1',
54 silly addNameRange     '1.10.2',
54 silly addNameRange     '1.10.3',
54 silly addNameRange     '1.10.4',
54 silly addNameRange     '1.10.5',
54 silly addNameRange     '1.11.0',
54 silly addNameRange     '1.12.0',
54 silly addNameRange     '1.12.1',
54 silly addNameRange     '1.12.2',
54 silly addNameRange     '2.0.0-beta',
54 silly addNameRange     '1.12.3',
54 silly addNameRange     '1.12.4',
54 silly addNameRange     '1.12.5',
54 silly addNameRange     '1.12.6',
54 silly addNameRange     '1.12.7',
54 silly addNameRange     '1.12.8',
54 silly addNameRange     '1.12.9',
54 silly addNameRange     '2.0.1-beta',
54 silly addNameRange     '2.0.2-beta',
54 silly addNameRange     '1.12.10',
54 silly addNameRange     '1.12.11',
54 silly addNameRange     '2.0.4-beta',
54 silly addNameRange     '1.12.12',
54 silly addNameRange     '2.0.5-beta',
54 silly addNameRange     '2.0.6-beta',
54 silly addNameRange     '2.0.7-beta',
54 silly addNameRange     '1.12.13',
54 silly addNameRange     '2.1.0-beta.0',
54 silly addNameRange     '2.1.0-beta.1',
54 silly addNameRange     '2.1.0-beta.2',
54 silly addNameRange     '1.12.14',
54 silly addNameRange     '2.1.0-beta.3',
54 silly addNameRange     '2.1.0-beta.4' ] ]
55 verbose stack Error: No compatible version found: webpack@'>=1.2.0 <1.3.0'
55 verbose stack Valid install targets:
55 verbose stack ["0.1.0","0.1.1","0.1.2","0.1.3","0.1.4","0.1.5","0.1.6","0.2.0","0.2.1","0.2.2","0.2.3","0.2.4","0.2.6","0.2.7","0.2.8","0.3.0","0.3.1","0.3.2","0.3.3","0.3.4","0.3.6","0.3.7","0.3.8","0.3.9","0.3.10","0.3.11","0.3.12","0.3.13","0.3.14","0.3.15","0.3.16","0.3.17","0.3.18","0.3.19","0.3.20","0.4.0","0.4.1","0.4.2","0.4.3","0.4.4","0.4.5","0.4.6","0.4.7","0.4.8","0.4.9","0.4.10","0.4.11","0.4.12","0.4.13","0.4.14","0.4.15","0.4.16","0.4.17","0.4.18","0.4.19","0.4.20","0.4.21","0.4.23","0.4.24","0.4.25","0.5.0","0.5.1","0.5.2","0.5.3","0.5.4","0.5.5","0.5.6","0.5.7","0.5.8","0.5.10","0.6.0","0.6.1","0.6.2","0.7.0-beta","0.7.0-beta2","0.7.0-beta3","0.7.0-beta4","0.7.0-beta5","0.7.0-beta6","0.7.0-beta7","0.7.0-beta8","0.7.0","0.7.1","0.7.2","0.7.3","0.7.4","0.7.5","0.7.6","0.7.7","0.7.8","0.7.9","0.7.11","0.7.12","0.7.13","0.7.14","0.7.15","0.7.16","0.7.17","0.8.0-beta1","0.8.0-beta2","0.8.0-beta3","0.8.0-beta4","0.8.0","0.8.2","0.8.3","0.9.0-beta1","0.9.0-beta2","0.9.0-beta4","0.9.0-beta5","0.9.0-beta6","0.9.0-beta7","0.9.0-beta8","0.9.0-beta9","0.9.0-beta10","0.9.0-beta11","0.9.0-beta12","0.9.0-beta13","0.9.0-beta14","0.9.0-beta15","0.9.0-beta16","0.9.0-beta17","0.9.0-beta18","0.9.0-beta19","0.9.0-beta20","0.9.0-beta21","0.9.0-beta22","0.9.0-beta23","0.9.0-beta24","0.9.0-beta25","0.9.0-beta26","0.9.0-beta27","0.9.0-beta28","0.9.0-beta29","0.9.0-beta30","0.9.0-beta31","0.9.0-beta32","0.9.0-beta33","0.9.0-beta34","0.9.0-beta35","0.9.0-beta36","0.9.0-beta37","0.9.0-beta38","0.9.0","0.9.1","0.9.2","0.9.3","0.10.0-beta2","0.10.0-beta3","0.10.0-beta5","0.10.0-beta6","0.10.0-beta7","0.10.0-beta8","0.10.0-beta9","0.10.0-beta10","0.10.0-beta11","0.10.0-beta12","0.10.0-beta13","0.10.0-beta14","0.10.0-beta15","0.10.0-beta16","0.10.0-beta17","0.10.0-beta18","0.10.0-beta19","0.10.0-beta20","0.10.0-beta21","0.10.0-beta22","0.10.0-beta23","0.10.0-beta24","0.10.0-beta25","0.10.0","0.11.0-beta1","0.11.0-beta2","0.11.0-beta3","0.11.0-beta4","0.11.0-beta5","0.11.0-beta6","0.11.0-beta7","0.11.0-beta8","0.11.0-beta9","0.11.0-beta10","0.11.0-beta11","0.11.0-beta12","0.11.0-beta13","0.11.0-beta14","0.11.0-beta15","0.11.0-beta16","0.11.0-beta17","0.11.0-beta18","0.11.0-beta19","0.11.0-beta20","0.11.0-beta21","0.11.0-beta22","0.11.0-beta23","0.11.0-beta24","0.11.0-beta25","0.11.0-beta26","0.11.0-beta27","0.11.0-beta28","0.11.0-beta29","0.11.0","0.11.1","0.11.2","0.11.3","0.11.4","0.11.5","0.11.6","0.11.7","0.11.8","0.11.9","0.11.10","0.11.11","0.11.12","0.11.13","0.11.14","0.11.15","1.0.0-beta1","1.0.0-beta2","1.0.0-beta3","1.0.0-beta4","0.11.16","0.11.17","0.11.18","1.0.0-beta5","1.0.0-beta6","1.0.0-beta7","1.0.0-beta8","1.0.0-beta9","1.0.0-rc1","1.0.0-rc2","1.0.0-rc3","1.0.0-rc4","1.0.0-rc5","1.0.0-rc7","1.0.0-rc8","1.0.0-rc9","1.0.0-rc11","1.0.0-rc12","1.0.0","1.0.1","1.0.3","1.0.4","1.0.5","1.1.0-beta1","1.1.0-beta2","1.1.0-beta3","1.1.0-beta4","1.1.0-beta5","1.1.0-beta6","1.1.0-beta7","1.1.0-beta8","1.1.0-beta9","1.1.0-beta10","1.1.0-beta12","1.1.0","1.1.1","1.1.2","1.1.3","1.1.4","1.1.5","1.1.6","1.1.7","1.1.8","1.1.9","1.1.10","1.1.11","1.2.0-beta1","1.2.0-beta2","1.2.0-beta4","1.2.0-beta5","1.2.0-beta6","1.3.0-beta1","1.3.0-beta2","1.3.0-beta3","1.3.0-beta4","1.3.0-beta5","1.3.0-beta6","1.3.0-beta7","1.3.0-beta8","1.3.0-beta9","1.3.1-beta1","1.3.1-beta2","1.3.1-beta3","1.3.1-beta4","1.3.1-beta5","1.3.1-beta6","1.3.1-beta7","1.3.1-beta8","1.3.1-beta9","1.3.2-beta1","1.3.2-beta2","1.3.2-beta3","1.3.2-beta4","1.3.2-beta5","1.3.2-beta6","1.3.2-beta7","1.3.2-beta8","1.3.2-beta9","1.3.3-beta1","1.3.3-beta2","1.3.4","1.3.5","1.3.6","1.3.7","1.4.0-beta1","1.4.0-beta2","1.4.0-beta3","1.4.0-beta4","1.4.0-beta5","1.4.0-beta6","1.4.0-beta7","1.4.0-beta8","1.4.0-beta9","1.4.0-beta10","1.4.1-beta1","1.4.2","1.4.3","1.4.4","1.4.5","1.4.6","1.4.7","1.4.8","1.4.9","1.4.10","1.4.11","1.4.12","1.4.13","1.4.14","1.4.15","1.5.0","1.5.1","1.5.2","1.5.3","1.6.0","1.7.0","1.7.1","1.7.2","1.7.3","1.8.0","1.8.1","1.8.2","1.8.3","1.8.4","1.8.5","1.8.6","1.8.7","1.8.8","1.8.9","1.8.10","1.8.11","1.9.0","1.9.1","1.9.2","1.9.3","1.9.4","1.9.5","1.9.6","1.9.7","1.9.8","1.9.9","1.9.10","1.9.11","1.9.12","1.9.13","1.10.0","1.10.1","1.10.2","1.10.3","1.10.4","1.10.5","1.11.0","1.12.0","1.12.1","1.12.2","2.0.0-beta","1.12.3","1.12.4","1.12.5","1.12.6","1.12.7","1.12.8","1.12.9","2.0.1-beta","2.0.2-beta","1.12.10","1.12.11","2.0.4-beta","1.12.12","2.0.5-beta","2.0.6-beta","2.0.7-beta","1.12.13","2.1.0-beta.0","2.1.0-beta.1","2.1.0-beta.2","1.12.14","2.1.0-beta.3","2.1.0-beta.4"]
55 verbose stack
55 verbose stack     at installTargetsError (/usr/local/lib/node_modules/npm/lib/cache/add-named.js:284:12)
55 verbose stack     at next (/usr/local/lib/node_modules/npm/lib/cache/add-named.js:262:19)
55 verbose stack     at setData (/usr/local/lib/node_modules/npm/lib/cache/add-named.js:236:5)
55 verbose stack     at RES (/usr/local/lib/node_modules/npm/node_modules/inflight/inflight.js:23:14)
55 verbose stack     at f (/usr/local/lib/node_modules/npm/node_modules/once/once.js:17:25)
55 verbose stack     at fixName (/usr/local/lib/node_modules/npm/lib/cache/add-named.js:29:5)
55 verbose stack     at saved (/usr/local/lib/node_modules/npm/lib/cache/caching-client.js:173:7)
55 verbose stack     at /usr/local/lib/node_modules/npm/node_modules/graceful-fs/polyfills.js:210:7
55 verbose stack     at FSReqWrap.oncomplete (fs.js:82:15)
56 verbose cwd /Users/juliep/cs373-idb
57 error Darwin 15.3.0
58 error argv "/usr/local/bin/node" "/usr/local/bin/npm" "install" "webpack@1.2.x" "--save-dev"
59 error node v4.4.2
60 error npm  v2.15.0
61 error code ETARGET
62 error notarget No compatible version found: webpack@'>=1.2.0 <1.3.0'
62 error notarget Valid install targets:
62 error notarget ["0.1.0","0.1.1","0.1.2","0.1.3","0.1.4","0.1.5","0.1.6","0.2.0","0.2.1","0.2.2","0.2.3","0.2.4","0.2.6","0.2.7","0.2.8","0.3.0","0.3.1","0.3.2","0.3.3","0.3.4","0.3.6","0.3.7","0.3.8","0.3.9","0.3.10","0.3.11","0.3.12","0.3.13","0.3.14","0.3.15","0.3.16","0.3.17","0.3.18","0.3.19","0.3.20","0.4.0","0.4.1","0.4.2","0.4.3","0.4.4","0.4.5","0.4.6","0.4.7","0.4.8","0.4.9","0.4.10","0.4.11","0.4.12","0.4.13","0.4.14","0.4.15","0.4.16","0.4.17","0.4.18","0.4.19","0.4.20","0.4.21","0.4.23","0.4.24","0.4.25","0.5.0","0.5.1","0.5.2","0.5.3","0.5.4","0.5.5","0.5.6","0.5.7","0.5.8","0.5.10","0.6.0","0.6.1","0.6.2","0.7.0-beta","0.7.0-beta2","0.7.0-beta3","0.7.0-beta4","0.7.0-beta5","0.7.0-beta6","0.7.0-beta7","0.7.0-beta8","0.7.0","0.7.1","0.7.2","0.7.3","0.7.4","0.7.5","0.7.6","0.7.7","0.7.8","0.7.9","0.7.11","0.7.12","0.7.13","0.7.14","0.7.15","0.7.16","0.7.17","0.8.0-beta1","0.8.0-beta2","0.8.0-beta3","0.8.0-beta4","0.8.0","0.8.2","0.8.3","0.9.0-beta1","0.9.0-beta2","0.9.0-beta4","0.9.0-beta5","0.9.0-beta6","0.9.0-beta7","0.9.0-beta8","0.9.0-beta9","0.9.0-beta10","0.9.0-beta11","0.9.0-beta12","0.9.0-beta13","0.9.0-beta14","0.9.0-beta15","0.9.0-beta16","0.9.0-beta17","0.9.0-beta18","0.9.0-beta19","0.9.0-beta20","0.9.0-beta21","0.9.0-beta22","0.9.0-beta23","0.9.0-beta24","0.9.0-beta25","0.9.0-beta26","0.9.0-beta27","0.9.0-beta28","0.9.0-beta29","0.9.0-beta30","0.9.0-beta31","0.9.0-beta32","0.9.0-beta33","0.9.0-beta34","0.9.0-beta35","0.9.0-beta36","0.9.0-beta37","0.9.0-beta38","0.9.0","0.9.1","0.9.2","0.9.3","0.10.0-beta2","0.10.0-beta3","0.10.0-beta5","0.10.0-beta6","0.10.0-beta7","0.10.0-beta8","0.10.0-beta9","0.10.0-beta10","0.10.0-beta11","0.10.0-beta12","0.10.0-beta13","0.10.0-beta14","0.10.0-beta15","0.10.0-beta16","0.10.0-beta17","0.10.0-beta18","0.10.0-beta19","0.10.0-beta20","0.10.0-beta21","0.10.0-beta22","0.10.0-beta23","0.10.0-beta24","0.10.0-beta25","0.10.0","0.11.0-beta1","0.11.0-beta2","0.11.0-beta3","0.11.0-beta4","0.11.0-beta5","0.11.0-beta6","0.11.0-beta7","0.11.0-beta8","0.11.0-beta9","0.11.0-beta10","0.11.0-beta11","0.11.0-beta12","0.11.0-beta13","0.11.0-beta14","0.11.0-beta15","0.11.0-beta16","0.11.0-beta17","0.11.0-beta18","0.11.0-beta19","0.11.0-beta20","0.11.0-beta21","0.11.0-beta22","0.11.0-beta23","0.11.0-beta24","0.11.0-beta25","0.11.0-beta26","0.11.0-beta27","0.11.0-beta28","0.11.0-beta29","0.11.0","0.11.1","0.11.2","0.11.3","0.11.4","0.11.5","0.11.6","0.11.7","0.11.8","0.11.9","0.11.10","0.11.11","0.11.12","0.11.13","0.11.14","0.11.15","1.0.0-beta1","1.0.0-beta2","1.0.0-beta3","1.0.0-beta4","0.11.16","0.11.17","0.11.18","1.0.0-beta5","1.0.0-beta6","1.0.0-beta7","1.0.0-beta8","1.0.0-beta9","1.0.0-rc1","1.0.0-rc2","1.0.0-rc3","1.0.0-rc4","1.0.0-rc5","1.0.0-rc7","1.0.0-rc8","1.0.0-rc9","1.0.0-rc11","1.0.0-rc12","1.0.0","1.0.1","1.0.3","1.0.4","1.0.5","1.1.0-beta1","1.1.0-beta2","1.1.0-beta3","1.1.0-beta4","1.1.0-beta5","1.1.0-beta6","1.1.0-beta7","1.1.0-beta8","1.1.0-beta9","1.1.0-beta10","1.1.0-beta12","1.1.0","1.1.1","1.1.2","1.1.3","1.1.4","1.1.5","1.1.6","1.1.7","1.1.8","1.1.9","1.1.10","1.1.11","1.2.0-beta1","1.2.0-beta2","1.2.0-beta4","1.2.0-beta5","1.2.0-beta6","1.3.0-beta1","1.3.0-beta2","1.3.0-beta3","1.3.0-beta4","1.3.0-beta5","1.3.0-beta6","1.3.0-beta7","1.3.0-beta8","1.3.0-beta9","1.3.1-beta1","1.3.1-beta2","1.3.1-beta3","1.3.1-beta4","1.3.1-beta5","1.3.1-beta6","1.3.1-beta7","1.3.1-beta8","1.3.1-beta9","1.3.2-beta1","1.3.2-beta2","1.3.2-beta3","1.3.2-beta4","1.3.2-beta5","1.3.2-beta6","1.3.2-beta7","1.3.2-beta8","1.3.2-beta9","1.3.3-beta1","1.3.3-beta2","1.3.4","1.3.5","1.3.6","1.3.7","1.4.0-beta1","1.4.0-beta2","1.4.0-beta3","1.4.0-beta4","1.4.0-beta5","1.4.0-beta6","1.4.0-beta7","1.4.0-beta8","1.4.0-beta9","1.4.0-beta10","1.4.1-beta1","1.4.2","1.4.3","1.4.4","1.4.5","1.4.6","1.4.7","1.4.8","1.4.9","1.4.10","1.4.11","1.4.12","1.4.13","1.4.14","1.4.15","1.5.0","1.5.1","1.5.2","1.5.3","1.6.0","1.7.0","1.7.1","1.7.2","1.7.3","1.8.0","1.8.1","1.8.2","1.8.3","1.8.4","1.8.5","1.8.6","1.8.7","1.8.8","1.8.9","1.8.10","1.8.11","1.9.0","1.9.1","1.9.2","1.9.3","1.9.4","1.9.5","1.9.6","1.9.7","1.9.8","1.9.9","1.9.10","1.9.11","1.9.12","1.9.13","1.10.0","1.10.1","1.10.2","1.10.3","1.10.4","1.10.5","1.11.0","1.12.0","1.12.1","1.12.2","2.0.0-beta","1.12.3","1.12.4","1.12.5","1.12.6","1.12.7","1.12.8","1.12.9","2.0.1-beta","2.0.2-beta","1.12.10","1.12.11","2.0.4-beta","1.12.12","2.0.5-beta","2.0.6-beta","2.0.7-beta","1.12.13","2.1.0-beta.0","2.1.0-beta.1","2.1.0-beta.2","1.12.14","2.1.0-beta.3","2.1.0-beta.4"]
62 error notarget
62 error notarget This is most likely not a problem with npm itself.
62 error notarget In most cases you or one of your dependencies are requesting
62 error notarget a package version that doesn't exist.
62 error notarget
62 error notarget It was specified as a dependency of 'cs373-idb'
63 verbose exit [ 1, true ]
